2025-04-10 13:43:11,660 - INFO - 程序启动
2025-04-10 13:43:11,661 - INFO - 当前日志保留天数: 7 天
2025-04-10 13:43:11,681 - INFO - 程序启动
2025-04-10 13:43:11,681 - INFO - 当前日志保留天数: 7 天
2025-04-10 13:43:15,197 - INFO - 程序关闭
2025-04-10 13:43:43,029 - INFO - 程序启动
2025-04-10 13:43:43,030 - INFO - 当前日志保留天数: 7 天
2025-04-10 13:43:43,051 - INFO - 程序启动
2025-04-10 13:43:43,051 - INFO - 当前日志保留天数: 7 天
2025-04-10 13:43:50,437 - INFO - 程序启动
2025-04-10 13:43:50,437 - INFO - 当前日志保留天数: 5 天
2025-04-10 13:43:50,449 - INFO - 已更新日志保留天数为 5 天
2025-04-10 13:44:13,521 - INFO - 已导入规则包: H:/计算机相关/FilesHelper/0410.json
2025-04-10 13:44:13,521 - INFO - 规则包版本: 1.0
2025-04-10 13:44:13,521 - INFO - 创建时间: 2025-04-10 13:24:03
2025-04-10 13:44:13,521 - INFO - 导入规则数量: 4
2025-04-10 13:45:30,428 - INFO - 程序关闭
2025-04-10 14:07:08,343 - INFO - 程序启动
2025-04-10 14:07:08,343 - INFO - 当前日志保留天数: 7 天
2025-04-10 14:07:08,488 - INFO - 程序启动
2025-04-10 14:07:08,488 - INFO - 当前日志保留天数: 5 天
2025-04-10 14:07:21,709 - INFO - 程序关闭
2025-04-10 14:12:27,088 - INFO - 程序启动
2025-04-10 14:12:27,088 - INFO - 当前日志保留天数: 7 天
2025-04-10 14:12:32,203 - INFO - 程序启动
2025-04-10 14:12:32,203 - INFO - 当前日志保留天数: 7 天
2025-04-10 14:13:05,977 - INFO - 程序启动
2025-04-10 14:13:05,977 - INFO - 当前日志保留天数: 7 天
2025-04-10 14:13:07,460 - INFO - 程序启动
2025-04-10 14:13:07,460 - INFO - 当前日志保留天数: 7 天
2025-04-10 14:13:11,854 - INFO - 程序启动
2025-04-10 14:13:11,854 - INFO - 当前日志保留天数: 7 天
2025-04-10 14:13:38,727 - INFO - 程序启动
2025-04-10 14:13:38,727 - INFO - 当前日志保留天数: 7 天
2025-04-10 14:13:39,571 - INFO - 程序启动
2025-04-10 14:13:39,571 - INFO - 当前日志保留天数: 7 天
2025-04-10 14:13:50,745 - INFO - 程序启动
2025-04-10 14:13:50,745 - INFO - 当前日志保留天数: 7 天
2025-04-10 14:14:43,271 - INFO - 程序启动
2025-04-10 14:14:43,271 - INFO - 当前日志保留天数: 7 天
2025-04-10 14:14:43,292 - INFO - 程序启动
2025-04-10 14:14:43,302 - INFO - 当前日志保留天数: 5 天
2025-04-10 14:14:44,144 - INFO - 程序启动
2025-04-10 14:14:44,144 - INFO - 当前日志保留天数: 7 天
2025-04-10 14:14:44,166 - INFO - 程序启动
2025-04-10 14:14:44,169 - INFO - 当前日志保留天数: 5 天
2025-04-10 14:15:13,078 - INFO - 程序启动
2025-04-10 14:15:13,078 - INFO - 当前日志保留天数: 7 天
2025-04-10 14:15:13,102 - INFO - 程序启动
2025-04-10 14:15:13,105 - INFO - 当前日志保留天数: 5 天
2025-04-10 14:15:51,569 - INFO - 程序启动
2025-04-10 14:15:51,570 - INFO - 当前日志保留天数: 7 天
2025-04-10 14:15:51,589 - INFO - 程序启动
2025-04-10 14:15:51,593 - INFO - 当前日志保留天数: 5 天
2025-04-10 14:15:53,430 - INFO - 程序关闭
2025-04-10 14:15:55,319 - INFO - 程序启动
2025-04-10 14:15:55,319 - INFO - 当前日志保留天数: 7 天
2025-04-10 14:15:55,340 - INFO - 程序启动
2025-04-10 14:15:55,342 - INFO - 当前日志保留天数: 5 天
2025-04-10 14:16:06,453 - INFO - 导入规则包失败: 规则包格式错误：缺少必需字段 rule_groups
2025-04-10 14:17:18,171 - INFO - 程序关闭
2025-04-10 14:17:18,388 - INFO - 程序启动
2025-04-10 14:17:18,388 - INFO - 当前日志保留天数: 7 天
2025-04-10 14:17:18,418 - INFO - 程序启动
2025-04-10 14:17:18,421 - INFO - 当前日志保留天数: 5 天
2025-04-10 14:17:19,845 - INFO - 程序关闭
2025-04-10 14:17:20,022 - INFO - 程序启动
2025-04-10 14:17:20,022 - INFO - 当前日志保留天数: 7 天
2025-04-10 14:17:20,046 - INFO - 程序启动
2025-04-10 14:17:20,049 - INFO - 当前日志保留天数: 5 天
2025-04-10 14:17:20,833 - INFO - 程序关闭
2025-04-10 14:17:21,951 - INFO - 程序启动
2025-04-10 14:17:21,951 - INFO - 当前日志保留天数: 7 天
2025-04-10 14:17:21,972 - INFO - 程序启动
2025-04-10 14:17:21,975 - INFO - 当前日志保留天数: 5 天
2025-04-10 14:19:03,739 - INFO - 程序关闭
2025-04-10 14:19:10,629 - INFO - 程序启动
2025-04-10 14:19:10,629 - INFO - 当前日志保留天数: 7 天
2025-04-10 14:19:10,654 - INFO - 程序启动
2025-04-10 14:19:10,657 - INFO - 当前日志保留天数: 5 天
2025-04-10 14:20:13,118 - INFO - 程序关闭
2025-04-10 14:20:44,224 - INFO - 程序启动
2025-04-10 14:20:44,224 - INFO - 当前日志保留天数: 7 天
2025-04-10 14:20:44,245 - INFO - 程序启动
2025-04-10 14:20:44,248 - INFO - 当前日志保留天数: 5 天
2025-04-10 14:20:56,770 - INFO - 程序关闭
2025-04-10 14:22:34,996 - INFO - 程序启动
2025-04-10 14:22:34,996 - INFO - 当前日志保留天数: 7 天
2025-04-10 14:22:35,019 - INFO - 程序启动
2025-04-10 14:22:35,022 - INFO - 当前日志保留天数: 5 天
2025-04-10 14:22:44,757 - INFO - 已添加规则组: 1
2025-04-10 14:22:46,946 - INFO - 已添加规则组: 2
2025-04-10 14:22:52,642 - INFO - 程序关闭
2025-04-10 14:23:08,343 - INFO - 程序启动
2025-04-10 14:23:08,343 - INFO - 当前日志保留天数: 7 天
2025-04-10 14:23:08,368 - INFO - 程序启动
2025-04-10 14:23:08,371 - INFO - 当前日志保留天数: 5 天
2025-04-10 14:23:12,324 - INFO - 程序关闭
2025-04-10 14:23:17,249 - INFO - 程序启动
2025-04-10 14:23:17,249 - INFO - 当前日志保留天数: 7 天
2025-04-10 14:23:17,272 - INFO - 程序启动
2025-04-10 14:23:17,275 - INFO - 当前日志保留天数: 5 天
2025-04-10 14:23:20,537 - INFO - 程序关闭
2025-04-10 14:23:34,169 - INFO - 程序启动
2025-04-10 14:23:34,169 - INFO - 当前日志保留天数: 7 天
2025-04-10 14:23:34,193 - INFO - 程序启动
2025-04-10 14:23:34,196 - INFO - 当前日志保留天数: 5 天
2025-04-10 14:24:15,984 - INFO - 程序关闭
2025-04-10 14:28:46,567 - INFO - 程序启动
2025-04-10 14:28:46,567 - INFO - 当前日志保留天数: 7 天
2025-04-10 14:28:46,589 - INFO - 程序启动
2025-04-10 14:28:46,592 - INFO - 当前日志保留天数: 5 天
2025-04-10 14:28:51,837 - INFO - 程序关闭
2025-04-10 14:29:01,104 - INFO - 程序启动
2025-04-10 14:29:01,104 - INFO - 当前日志保留天数: 7 天
2025-04-10 14:29:01,129 - INFO - 程序启动
2025-04-10 14:29:01,132 - INFO - 当前日志保留天数: 5 天
2025-04-10 14:29:10,107 - INFO - 程序关闭
2025-04-10 15:30:03,412 - INFO - 程序启动
2025-04-10 15:30:03,413 - INFO - 当前日志保留天数: 7 天
2025-04-10 15:30:03,440 - INFO - 程序启动
2025-04-10 15:30:03,443 - INFO - 当前日志保留天数: 5 天
2025-04-10 15:30:09,440 - INFO - 程序关闭
2025-04-10 15:35:49,376 - INFO - 程序启动
2025-04-10 15:35:49,376 - INFO - 当前日志保留天数: 7 天
2025-04-10 15:35:49,401 - INFO - 程序启动
2025-04-10 15:35:49,405 - INFO - 当前日志保留天数: 5 天
2025-04-10 15:35:51,397 - INFO - 程序关闭
2025-04-10 15:38:18,780 - INFO - 程序启动
2025-04-10 15:38:18,780 - INFO - 当前日志保留天数: 7 天
2025-04-10 15:38:18,804 - INFO - 程序启动
2025-04-10 15:38:18,807 - INFO - 当前日志保留天数: 5 天
2025-04-10 15:38:20,752 - INFO - 已切换到规则组: 1
2025-04-10 15:38:48,649 - INFO - 已切换到规则组: 默认规则组
2025-04-10 15:40:47,622 - INFO - 程序关闭
2025-04-10 15:40:47,820 - INFO - 程序启动
2025-04-10 15:40:47,821 - INFO - 当前日志保留天数: 7 天
2025-04-10 15:40:47,848 - INFO - 程序启动
2025-04-10 15:40:47,852 - INFO - 当前日志保留天数: 5 天
2025-04-10 15:40:58,573 - INFO - 已在规则组 '默认规则组' 中添加规则: 1 -> 1
2025-04-10 15:41:00,864 - INFO - 已切换到规则组: 1
2025-04-10 15:41:08,406 - INFO - 已在规则组 '默认规则组' 中添加规则: 2 -> 2
2025-04-10 15:41:10,134 - INFO - 已切换到规则组: 默认规则组
2025-04-10 15:42:53,954 - INFO - 程序关闭
2025-04-10 15:42:54,170 - INFO - 程序启动
2025-04-10 15:42:54,171 - INFO - 当前日志保留天数: 7 天
2025-04-10 15:42:54,208 - INFO - 程序启动
2025-04-10 15:42:54,212 - INFO - 当前日志保留天数: 5 天
2025-04-10 15:43:02,376 - INFO - 已从规则组 '默认规则组' 中删除规则: 1
2025-04-10 18:37:54,477 - INFO - 程序启动
2025-04-10 18:37:54,477 - INFO - 当前日志保留天数: 7 天
2025-04-10 18:37:54,500 - INFO - 程序启动
2025-04-10 18:37:54,502 - INFO - 当前日志保留天数: 5 天
2025-04-10 18:38:04,700 - INFO - 程序关闭
2025-04-10 18:38:20,191 - INFO - 程序启动
2025-04-10 18:38:20,191 - INFO - 当前日志保留天数: 7 天
2025-04-10 18:38:20,216 - INFO - 程序启动
2025-04-10 18:38:20,219 - INFO - 当前日志保留天数: 5 天
2025-04-10 18:38:26,605 - INFO - 程序关闭
2025-04-10 18:39:00,847 - INFO - 程序启动
2025-04-10 18:39:00,848 - INFO - 当前日志保留天数: 7 天
2025-04-10 18:39:00,868 - INFO - 程序启动
2025-04-10 18:39:00,871 - INFO - 当前日志保留天数: 5 天
2025-04-10 18:39:05,622 - INFO - 已切换到规则组: 2
2025-04-10 18:39:06,526 - INFO - 已切换到规则组: 默认规则组
2025-04-10 18:39:19,433 - INFO - 程序关闭
2025-04-10 18:39:19,629 - INFO - 程序启动
2025-04-10 18:39:19,629 - INFO - 当前日志保留天数: 7 天
2025-04-10 18:39:19,654 - INFO - 程序启动
2025-04-10 18:39:19,657 - INFO - 当前日志保留天数: 5 天
2025-04-10 18:39:20,107 - INFO - 程序关闭
2025-04-10 18:39:20,285 - INFO - 程序启动
2025-04-10 18:39:20,285 - INFO - 当前日志保留天数: 7 天
2025-04-10 18:39:20,312 - INFO - 程序启动
2025-04-10 18:39:20,315 - INFO - 当前日志保留天数: 5 天
2025-04-10 18:39:20,762 - INFO - 程序关闭
2025-04-10 22:00:01,431 - INFO - 程序启动
2025-04-10 22:00:01,441 - INFO - 当前日志保留天数: 7 天
2025-04-10 22:00:01,629 - INFO - 程序启动
2025-04-10 22:00:01,642 - INFO - 当前日志保留天数: 5 天
2025-04-10 22:01:06,507 - INFO - 程序关闭
2025-04-10 22:03:29,990 - INFO - 程序启动
2025-04-10 22:03:29,990 - INFO - 当前日志保留天数: 7 天
2025-04-10 22:03:30,010 - INFO - 程序启动
2025-04-10 22:03:30,014 - INFO - 当前日志保留天数: 5 天
2025-04-10 22:03:31,876 - INFO - 已切换到规则组: 1
2025-04-10 22:03:34,211 - INFO - 已切换到规则组: 默认规则组
2025-04-10 22:03:37,809 - INFO - 程序关闭
2025-04-10 22:04:20,826 - INFO - 程序启动
2025-04-10 22:04:20,827 - INFO - 当前日志保留天数: 7 天
2025-04-10 22:04:20,850 - INFO - 程序启动
2025-04-10 22:04:20,852 - INFO - 当前日志保留天数: 5 天
2025-04-10 22:17:22,268 - INFO - 程序关闭
2025-04-10 22:17:25,323 - INFO - 程序启动
2025-04-10 22:17:25,323 - INFO - 当前日志保留天数: 7 天
2025-04-10 22:17:25,344 - INFO - 程序启动
2025-04-10 22:17:25,347 - INFO - 当前日志保留天数: 5 天
2025-04-10 22:17:33,716 - INFO - 程序关闭
2025-04-10 22:18:01,543 - INFO - 程序启动
2025-04-10 22:18:01,543 - INFO - 当前日志保留天数: 7 天
2025-04-10 22:18:01,567 - INFO - 程序启动
2025-04-10 22:18:01,570 - INFO - 当前日志保留天数: 5 天
2025-04-10 22:18:15,078 - INFO - 程序关闭
2025-04-10 22:18:28,018 - INFO - 程序启动
2025-04-10 22:18:28,018 - INFO - 当前日志保留天数: 7 天
2025-04-10 22:18:28,038 - INFO - 程序启动
2025-04-10 22:18:28,041 - INFO - 当前日志保留天数: 5 天
2025-04-10 22:18:30,218 - INFO - 已切换到规则组: 1
2025-04-10 22:18:31,080 - INFO - 已切换到规则组: 默认规则组
2025-04-10 22:30:34,867 - INFO - 程序关闭
2025-04-10 22:30:49,411 - INFO - 程序启动
2025-04-10 22:30:49,411 - INFO - 当前日志保留天数: 7 天
2025-04-10 22:30:49,431 - INFO - 程序启动
2025-04-10 22:30:49,433 - INFO - 当前日志保留天数: 5 天
2025-04-10 22:30:50,924 - INFO - 程序关闭
2025-04-10 22:34:36,441 - INFO - 程序启动
2025-04-10 22:34:36,441 - INFO - 当前日志保留天数: 7 天
2025-04-10 22:34:36,462 - INFO - 程序启动
2025-04-10 22:34:36,465 - INFO - 当前日志保留天数: 5 天
2025-04-10 22:34:37,955 - INFO - 程序关闭
2025-04-10 22:35:40,936 - INFO - 程序启动
2025-04-10 22:35:40,936 - INFO - 当前日志保留天数: 7 天
2025-04-10 22:35:40,957 - INFO - 程序启动
2025-04-10 22:35:40,960 - INFO - 当前日志保留天数: 5 天
2025-04-10 22:35:44,602 - INFO - 已切换到规则组: 1
2025-04-10 22:35:49,018 - INFO - 程序关闭
2025-04-10 22:36:04,481 - INFO - 程序启动
2025-04-10 22:36:04,481 - INFO - 当前日志保留天数: 7 天
2025-04-10 22:36:04,501 - INFO - 程序启动
2025-04-10 22:36:04,504 - INFO - 当前日志保留天数: 5 天
2025-04-10 22:36:05,776 - INFO - 程序关闭
2025-04-10 22:36:10,242 - INFO - 程序启动
2025-04-10 22:36:10,242 - INFO - 当前日志保留天数: 7 天
2025-04-10 22:36:10,262 - INFO - 程序启动
2025-04-10 22:36:10,265 - INFO - 当前日志保留天数: 5 天
2025-04-10 22:36:11,431 - INFO - 程序关闭
2025-04-10 22:40:12,092 - INFO - 程序启动
2025-04-10 22:40:12,092 - INFO - 当前日志保留天数: 7 天
2025-04-10 22:40:12,115 - INFO - 程序启动
2025-04-10 22:40:12,118 - INFO - 当前日志保留天数: 5 天
2025-04-10 22:40:14,658 - INFO - 程序关闭
2025-04-10 22:40:18,132 - INFO - 程序启动
2025-04-10 22:40:18,132 - INFO - 当前日志保留天数: 7 天
2025-04-10 22:40:18,152 - INFO - 程序启动
2025-04-10 22:40:18,155 - INFO - 当前日志保留天数: 5 天
2025-04-10 22:40:20,995 - INFO - 程序关闭
2025-04-10 22:42:44,468 - INFO - 程序启动
2025-04-10 22:42:44,468 - INFO - 当前日志保留天数: 7 天
2025-04-10 22:42:44,497 - INFO - 程序启动
2025-04-10 22:42:44,500 - INFO - 当前日志保留天数: 5 天
2025-04-10 22:42:46,849 - INFO - 程序关闭
2025-04-10 22:48:09,471 - INFO - 程序启动
2025-04-10 22:48:09,471 - INFO - 当前日志保留天数: 7 天
2025-04-10 22:48:09,499 - INFO - 程序启动
2025-04-10 22:48:09,501 - INFO - 当前日志保留天数: 5 天
2025-04-10 22:48:12,888 - INFO - 已切换到规则组: 默认规则组
2025-04-10 22:48:19,066 - INFO - 程序关闭
2025-04-10 22:49:02,731 - INFO - 程序启动
2025-04-10 22:49:02,731 - INFO - 当前日志保留天数: 7 天
2025-04-10 22:49:02,752 - INFO - 程序启动
2025-04-10 22:49:02,755 - INFO - 当前日志保留天数: 5 天
2025-04-10 22:49:05,722 - INFO - 已切换到规则组: 1
2025-04-10 22:49:07,621 - INFO - 已切换到规则组: 2
2025-04-10 22:49:13,979 - INFO - 程序关闭
2025-04-10 22:54:51,949 - INFO - 程序启动
2025-04-10 22:54:51,949 - INFO - 当前日志保留天数: 7 天
2025-04-10 22:54:52,020 - INFO - 程序启动
2025-04-10 22:54:52,022 - INFO - 当前日志保留天数: 5 天
2025-04-10 22:56:27,669 - INFO - 已选择合并源目录: E:/test
2025-04-10 22:56:28,806 - INFO - 找到 5 个目录需要检查
2025-04-10 22:56:28,827 - INFO - 已合并目录: E:\test\23水利3班\23水利3班 -> E:\test\23水利3班\23水利3班\23水利3班
2025-04-10 22:56:28,837 - INFO - 处理目录时出错: [WinError 3] 系统找不到指定的路径。: 'E:\\test\\23水利3班\\23水利3班\\23水利3班'
2025-04-10 22:56:38,274 - INFO - 找到 4 个目录需要检查
2025-04-10 22:56:38,279 - INFO - 
合并完成！统计信息：
2025-04-10 22:56:38,282 - INFO - 检查目录: 4 个
2025-04-10 22:56:38,284 - INFO - 成功合并: 0 个目录
2025-04-10 22:56:38,287 - INFO - 处理失败: 0 个目录
2025-04-10 22:57:08,503 - INFO - 程序关闭
2025-04-10 22:58:42,402 - INFO - 程序启动
2025-04-10 22:58:42,402 - INFO - 当前日志保留天数: 7 天
2025-04-10 22:58:42,425 - INFO - 程序启动
2025-04-10 22:58:42,428 - INFO - 当前日志保留天数: 5 天
2025-04-10 22:58:52,406 - INFO - 已选择合并源目录: E:/test
2025-04-10 22:59:03,146 - INFO - 找到 8 个目录需要检查
2025-04-10 22:59:03,151 - INFO - 已合并目录: E:\test\23水利3班 -> E:\test\23水利3班\23水利3班
2025-04-10 22:59:03,166 - INFO - 已合并目录: E:\test\新建文件夹 -> E:\test\新建文件夹\新建文件夹
2025-04-10 22:59:03,172 - INFO - 处理目录时出错: [WinError 3] 系统找不到指定的路径。: 'E:\\test\\23水利3班\\23水利3班'
2025-04-10 22:59:04,763 - INFO - 找到 6 个目录需要检查
2025-04-10 22:59:04,769 - INFO - 
合并完成！统计信息：
2025-04-10 22:59:04,770 - INFO - 检查目录: 6 个
2025-04-10 22:59:04,773 - INFO - 成功合并: 0 个目录
2025-04-10 22:59:04,775 - INFO - 处理失败: 0 个目录
2025-04-10 22:59:05,636 - INFO - 找到 6 个目录需要检查
2025-04-10 22:59:05,641 - INFO - 
合并完成！统计信息：
2025-04-10 22:59:05,643 - INFO - 检查目录: 6 个
2025-04-10 22:59:05,645 - INFO - 成功合并: 0 个目录
2025-04-10 22:59:05,647 - INFO - 处理失败: 0 个目录
2025-04-10 22:59:06,153 - INFO - 找到 6 个目录需要检查
2025-04-10 22:59:06,159 - INFO - 
合并完成！统计信息：
2025-04-10 22:59:06,164 - INFO - 检查目录: 6 个
2025-04-10 22:59:06,166 - INFO - 成功合并: 0 个目录
2025-04-10 22:59:06,168 - INFO - 处理失败: 0 个目录
2025-04-10 22:59:22,295 - INFO - 找到 6 个目录需要检查
2025-04-10 22:59:22,300 - INFO - 
合并完成！统计信息：
2025-04-10 22:59:22,301 - INFO - 检查目录: 6 个
2025-04-10 22:59:22,303 - INFO - 成功合并: 0 个目录
2025-04-10 22:59:22,306 - INFO - 处理失败: 0 个目录
2025-04-10 22:59:22,654 - INFO - 找到 6 个目录需要检查
2025-04-10 22:59:22,658 - INFO - 
合并完成！统计信息：
2025-04-10 22:59:22,659 - INFO - 检查目录: 6 个
2025-04-10 22:59:22,661 - INFO - 成功合并: 0 个目录
2025-04-10 22:59:22,663 - INFO - 处理失败: 0 个目录
2025-04-10 22:59:22,804 - INFO - 找到 6 个目录需要检查
2025-04-10 22:59:22,811 - INFO - 
合并完成！统计信息：
2025-04-10 22:59:22,812 - INFO - 检查目录: 6 个
2025-04-10 22:59:22,814 - INFO - 成功合并: 0 个目录
2025-04-10 22:59:22,816 - INFO - 处理失败: 0 个目录
2025-04-10 22:59:22,940 - INFO - 找到 6 个目录需要检查
2025-04-10 22:59:22,945 - INFO - 
合并完成！统计信息：
2025-04-10 22:59:22,946 - INFO - 检查目录: 6 个
2025-04-10 22:59:22,948 - INFO - 成功合并: 0 个目录
2025-04-10 22:59:22,951 - INFO - 处理失败: 0 个目录
2025-04-10 22:59:23,051 - INFO - 找到 6 个目录需要检查
2025-04-10 22:59:23,055 - INFO - 
合并完成！统计信息：
2025-04-10 22:59:23,057 - INFO - 检查目录: 6 个
2025-04-10 22:59:23,059 - INFO - 成功合并: 0 个目录
2025-04-10 22:59:23,061 - INFO - 处理失败: 0 个目录
2025-04-10 22:59:23,164 - INFO - 找到 6 个目录需要检查
2025-04-10 22:59:23,169 - INFO - 
合并完成！统计信息：
2025-04-10 22:59:23,170 - INFO - 检查目录: 6 个
2025-04-10 22:59:23,173 - INFO - 成功合并: 0 个目录
2025-04-10 22:59:23,175 - INFO - 处理失败: 0 个目录
2025-04-10 22:59:23,291 - INFO - 找到 6 个目录需要检查
2025-04-10 22:59:23,296 - INFO - 
合并完成！统计信息：
2025-04-10 22:59:23,297 - INFO - 检查目录: 6 个
2025-04-10 22:59:23,299 - INFO - 成功合并: 0 个目录
2025-04-10 22:59:23,301 - INFO - 处理失败: 0 个目录
2025-04-10 22:59:23,515 - INFO - 找到 6 个目录需要检查
2025-04-10 22:59:23,522 - INFO - 
合并完成！统计信息：
2025-04-10 22:59:23,523 - INFO - 检查目录: 6 个
2025-04-10 22:59:23,526 - INFO - 成功合并: 0 个目录
2025-04-10 22:59:23,528 - INFO - 处理失败: 0 个目录
2025-04-10 22:59:38,309 - INFO - 程序关闭
2025-04-10 23:03:44,651 - INFO - 程序启动
2025-04-10 23:03:44,651 - INFO - 当前日志保留天数: 7 天
2025-04-10 23:03:44,676 - INFO - 程序启动
2025-04-10 23:03:44,679 - INFO - 当前日志保留天数: 5 天
2025-04-10 23:03:53,622 - INFO - 已选择合并源目录: E:/下载/GithubDesktop
2025-04-10 23:03:54,527 - INFO - 找到 6 个目录需要检查
2025-04-10 23:03:54,533 - INFO - 
合并完成！统计信息：
2025-04-10 23:03:54,534 - INFO - 检查目录: 6 个
2025-04-10 23:03:54,536 - INFO - 成功合并: 0 个目录
2025-04-10 23:03:54,538 - INFO - 处理失败: 0 个目录
2025-04-10 23:04:58,390 - INFO - 已选择合并源目录: H:/新建文件夹
2025-04-10 23:04:59,245 - INFO - 找到 5 个目录需要检查
2025-04-10 23:04:59,248 - INFO - 
合并完成！统计信息：
2025-04-10 23:04:59,249 - INFO - 检查目录: 5 个
2025-04-10 23:04:59,250 - INFO - 成功合并: 0 个目录
2025-04-10 23:04:59,251 - INFO - 处理失败: 0 个目录
2025-04-10 23:05:04,829 - INFO - 找到 5 个目录需要检查
2025-04-10 23:05:04,833 - INFO - 
合并完成！统计信息：
2025-04-10 23:05:04,834 - INFO - 检查目录: 5 个
2025-04-10 23:05:04,835 - INFO - 成功合并: 0 个目录
2025-04-10 23:05:04,836 - INFO - 处理失败: 0 个目录
2025-04-10 23:05:05,258 - INFO - 找到 5 个目录需要检查
2025-04-10 23:05:05,261 - INFO - 
合并完成！统计信息：
2025-04-10 23:05:05,262 - INFO - 检查目录: 5 个
2025-04-10 23:05:05,264 - INFO - 成功合并: 0 个目录
2025-04-10 23:05:05,265 - INFO - 处理失败: 0 个目录
2025-04-10 23:05:05,423 - INFO - 找到 5 个目录需要检查
2025-04-10 23:05:05,428 - INFO - 
合并完成！统计信息：
2025-04-10 23:05:05,429 - INFO - 检查目录: 5 个
2025-04-10 23:05:05,431 - INFO - 成功合并: 0 个目录
2025-04-10 23:05:05,433 - INFO - 处理失败: 0 个目录
2025-04-10 23:05:05,577 - INFO - 找到 5 个目录需要检查
2025-04-10 23:05:05,583 - INFO - 
合并完成！统计信息：
2025-04-10 23:05:05,585 - INFO - 检查目录: 5 个
2025-04-10 23:05:05,587 - INFO - 成功合并: 0 个目录
2025-04-10 23:05:05,588 - INFO - 处理失败: 0 个目录
2025-04-10 23:05:05,712 - INFO - 找到 5 个目录需要检查
2025-04-10 23:05:05,718 - INFO - 
合并完成！统计信息：
2025-04-10 23:05:05,725 - INFO - 检查目录: 5 个
2025-04-10 23:05:05,727 - INFO - 成功合并: 0 个目录
2025-04-10 23:05:05,728 - INFO - 处理失败: 0 个目录
2025-04-10 23:05:05,851 - INFO - 找到 5 个目录需要检查
2025-04-10 23:05:05,857 - INFO - 
合并完成！统计信息：
2025-04-10 23:05:05,858 - INFO - 检查目录: 5 个
2025-04-10 23:05:05,860 - INFO - 成功合并: 0 个目录
2025-04-10 23:05:05,862 - INFO - 处理失败: 0 个目录
2025-04-10 23:05:05,976 - INFO - 找到 5 个目录需要检查
2025-04-10 23:05:05,981 - INFO - 
合并完成！统计信息：
2025-04-10 23:05:05,983 - INFO - 检查目录: 5 个
2025-04-10 23:05:05,985 - INFO - 成功合并: 0 个目录
2025-04-10 23:05:05,987 - INFO - 处理失败: 0 个目录
2025-04-10 23:05:06,114 - INFO - 找到 5 个目录需要检查
2025-04-10 23:05:06,120 - INFO - 
合并完成！统计信息：
2025-04-10 23:05:06,121 - INFO - 检查目录: 5 个
2025-04-10 23:05:06,123 - INFO - 成功合并: 0 个目录
2025-04-10 23:05:06,125 - INFO - 处理失败: 0 个目录
2025-04-10 23:05:13,446 - INFO - 程序关闭
2025-04-10 23:05:38,078 - INFO - 程序启动
2025-04-10 23:05:38,078 - INFO - 当前日志保留天数: 7 天
2025-04-10 23:05:38,104 - INFO - 程序启动
2025-04-10 23:05:38,106 - INFO - 当前日志保留天数: 5 天
2025-04-10 23:05:41,643 - INFO - 程序关闭
2025-04-10 23:07:29,191 - INFO - 程序启动
2025-04-10 23:07:29,191 - INFO - 当前日志保留天数: 7 天
2025-04-10 23:07:29,212 - INFO - 程序启动
2025-04-10 23:07:29,215 - INFO - 当前日志保留天数: 5 天
2025-04-10 23:07:33,499 - INFO - 已切换到规则组: 1
2025-04-10 23:07:34,459 - INFO - 已切换到规则组: 默认规则组
2025-04-10 23:07:42,089 - INFO - 程序关闭
2025-04-10 23:18:07,986 - INFO - 程序启动
2025-04-10 23:18:07,986 - INFO - 当前日志保留天数: 7 天
2025-04-10 23:18:08,012 - INFO - 程序启动
2025-04-10 23:18:08,015 - INFO - 当前日志保留天数: 5 天
2025-04-10 23:18:34,950 - INFO - 选择源目录: F:/文档/xwechat_files (2)
2025-04-10 23:18:40,156 - INFO - 删除完成 - 目录: 0, 文件: 0
2025-04-10 23:19:00,516 - INFO - 选择源目录: H:/工作/组织部
2025-04-10 23:19:05,162 - INFO - 删除空目录: H:/工作/组织部\2023-2024年度水利与土木工程学院五四评优材料\2022级评优材料\22级水利2班团支部五四评优材料\优秀共青团员（标兵）申报表\刘嘉乐优秀共青团员（标兵）申报表
2025-04-10 23:19:05,252 - INFO - 删除空文件: H:/工作/组织部\2023-2024年度第二学期入团推优资料\入团文件夹规范\22水利3班张三个人事迹.docx
2025-04-10 23:19:05,260 - INFO - 删除空文件: H:/工作/组织部\2023-2024年度第二学期入团推优资料\入团文件夹规范\22水利3班张三入团推优表.docx
2025-04-10 23:19:05,267 - INFO - 删除空文件: H:/工作/组织部\2023-2024年度第二学期入团推优资料\入团文件夹规范\22水利3班张三志愿时证明.docx
2025-04-10 23:19:05,311 - INFO - 删除空目录: H:/工作/组织部\2024-2025上学期入党推优材料\2020级\20建筑1班入党申请材料\20建筑1班发展对象材料
2025-04-10 23:19:05,319 - INFO - 删除空目录: H:/工作/组织部\2024-2025上学期入党推优材料\2020级\20建筑1班入党申请材料\20建筑1班积极分子材料
2025-04-10 23:19:05,325 - INFO - 删除空目录: H:/工作/组织部\2024-2025上学期入党推优材料\2020级\20建筑2班入党申请材料\20建筑2班发展对象材料
2025-04-10 23:19:05,332 - INFO - 删除空目录: H:/工作/组织部\2024-2025上学期入党推优材料\2020级\20建筑2班入党申请材料\20建筑2班积极分子材料
2025-04-10 23:19:05,339 - INFO - 删除空目录: H:/工作/组织部\2024-2025上学期入党推优材料\2020级\20建筑3班入党申请材料\20建筑3班发展对象材料
2025-04-10 23:19:05,345 - INFO - 删除空目录: H:/工作/组织部\2024-2025上学期入党推优材料\2020级\20建筑3班入党申请材料\20建筑3班积极分子材料
2025-04-10 23:19:05,352 - INFO - 删除空目录: H:/工作/组织部\2024-2025上学期入党推优材料\2020级\20建筑1班入党申请材料
2025-04-10 23:19:05,357 - INFO - 删除空目录: H:/工作/组织部\2024-2025上学期入党推优材料\2020级\20建筑2班入党申请材料
2025-04-10 23:19:05,363 - INFO - 删除空目录: H:/工作/组织部\2024-2025上学期入党推优材料\2020级\20建筑3班入党申请材料
2025-04-10 23:19:05,369 - INFO - 删除空目录: H:/工作/组织部\2024-2025上学期入党推优材料\2021级\21土木1班入党申请材料\21土木1班发展对象材料
2025-04-10 23:19:05,375 - INFO - 删除空目录: H:/工作/组织部\2024-2025上学期入党推优材料\2021级\21土木1班入党申请材料\21土木1班积极分子材料
2025-04-10 23:19:05,382 - INFO - 删除空目录: H:/工作/组织部\2024-2025上学期入党推优材料\2021级\21土木2班入党申请材料\21土木2班发展对象材料
2025-04-10 23:19:05,389 - INFO - 删除空目录: H:/工作/组织部\2024-2025上学期入党推优材料\2021级\21土木2班入党申请材料\21土木2班积极分子材料
2025-04-10 23:19:05,399 - INFO - 删除空目录: H:/工作/组织部\2024-2025上学期入党推优材料\2021级\21土木3班入党申请材料\21土木3班积极分子材料
2025-04-10 23:19:05,406 - INFO - 删除空目录: H:/工作/组织部\2024-2025上学期入党推优材料\2021级\21土木4班入党申请材料\21土木4班发展对象材料
2025-04-10 23:19:05,412 - INFO - 删除空目录: H:/工作/组织部\2024-2025上学期入党推优材料\2021级\21土木4班入党申请材料\21土木4班积极分子材料
2025-04-10 23:19:05,420 - INFO - 删除空目录: H:/工作/组织部\2024-2025上学期入党推优材料\2021级\21土木5班入党申请材料\21土木5班积极分子材料
2025-04-10 23:19:05,427 - INFO - 删除空目录: H:/工作/组织部\2024-2025上学期入党推优材料\2021级\21土木6班入党申请材料\21土木6班发展对象材料
2025-04-10 23:19:05,434 - INFO - 删除空目录: H:/工作/组织部\2024-2025上学期入党推优材料\2021级\21土木6班入党申请材料\21土木6班积极分子材料
2025-04-10 23:19:05,440 - INFO - 删除空目录: H:/工作/组织部\2024-2025上学期入党推优材料\2021级\21土木7班入党申请材料\21土木7班发展对象材料
2025-04-10 23:19:05,446 - INFO - 删除空目录: H:/工作/组织部\2024-2025上学期入党推优材料\2021级\21土木7班入党申请材料\21土木7班积极分子材料
2025-04-10 23:19:05,456 - INFO - 删除空目录: H:/工作/组织部\2024-2025上学期入党推优材料\2021级\21建筑1班入党申请材料\21建筑1班积极分子材料
2025-04-10 23:19:05,462 - INFO - 删除空目录: H:/工作/组织部\2024-2025上学期入党推优材料\2021级\21建筑2班入党申请材料\21建筑2班发展对象材料
2025-04-10 23:19:05,469 - INFO - 删除空目录: H:/工作/组织部\2024-2025上学期入党推优材料\2021级\21建筑2班入党申请材料\21建筑2班积极分子材料
2025-04-10 23:19:05,478 - INFO - 删除空目录: H:/工作/组织部\2024-2025上学期入党推优材料\2021级\21水利1班入党申请材料\21水利1班积极分子材料
2025-04-10 23:19:05,486 - INFO - 删除空目录: H:/工作/组织部\2024-2025上学期入党推优材料\2021级\21水利2班入党申请材料\21水利2班发展对象材料
2025-04-10 23:19:05,492 - INFO - 删除空目录: H:/工作/组织部\2024-2025上学期入党推优材料\2021级\21水利2班入党申请材料\21水利2班积极分子材料
2025-04-10 23:19:05,501 - INFO - 删除空文件: H:/工作/组织部\2024-2025上学期入党推优材料\2021级\21水利3班入党申请材料\21水利3班发展对象材料\21水利3班票数统计表.xlsx
2025-04-10 23:19:05,510 - INFO - 删除空目录: H:/工作/组织部\2024-2025上学期入党推优材料\2021级\21水利3班入党申请材料\21水利3班积极分子材料
2025-04-10 23:19:05,519 - INFO - 删除空目录: H:/工作/组织部\2024-2025上学期入党推优材料\2021级\21水利4班入党申请材料\21水利4班积极分子材料
2025-04-10 23:19:05,525 - INFO - 删除空目录: H:/工作/组织部\2024-2025上学期入党推优材料\2021级\21土木1班入党申请材料
2025-04-10 23:19:05,531 - INFO - 删除空目录: H:/工作/组织部\2024-2025上学期入党推优材料\2021级\21土木2班入党申请材料
2025-04-10 23:19:05,537 - INFO - 删除空目录: H:/工作/组织部\2024-2025上学期入党推优材料\2021级\21土木4班入党申请材料
2025-04-10 23:19:05,543 - INFO - 删除空目录: H:/工作/组织部\2024-2025上学期入党推优材料\2021级\21土木6班入党申请材料
2025-04-10 23:19:05,549 - INFO - 删除空目录: H:/工作/组织部\2024-2025上学期入党推优材料\2021级\21土木7班入党申请材料
2025-04-10 23:19:05,555 - INFO - 删除空目录: H:/工作/组织部\2024-2025上学期入党推优材料\2021级\21建筑2班入党申请材料
2025-04-10 23:19:05,561 - INFO - 删除空目录: H:/工作/组织部\2024-2025上学期入党推优材料\2021级\21水利2班入党申请材料
2025-04-10 23:19:05,569 - INFO - 删除空目录: H:/工作/组织部\2024-2025上学期入党推优材料\2022级\22土木1班入党申请材料\22土木1班积极分子材料
2025-04-10 23:19:05,586 - INFO - 删除空目录: H:/工作/组织部\2024-2025上学期入党推优材料\2022级\22土木3班入党申请材料\22土木3班积极分子材料
2025-04-10 23:19:05,597 - INFO - 删除空目录: H:/工作/组织部\2024-2025上学期入党推优材料\2022级\22土木5班入党申请材料\22土木5班发展对象材料
2025-04-10 23:19:05,618 - INFO - 删除空目录: H:/工作/组织部\2024-2025上学期入党推优材料\2022级\22建筑1班入党申请材料\22建筑1班积极分子材料
2025-04-10 23:19:05,630 - INFO - 删除空目录: H:/工作/组织部\2024-2025上学期入党推优材料\2022级\22建筑2班入党申请材料\22建筑2班积极分子材料
2025-04-10 23:19:05,640 - INFO - 删除空目录: H:/工作/组织部\2024-2025上学期入党推优材料\2022级\22水利1班入党申请材料\22水利1班积极分子材料
2025-04-10 23:19:05,667 - INFO - 删除空目录: H:/工作/组织部\2024-2025上学期入党推优材料\2022级\22研究生入党申请材料\22研究生积极分子材料
2025-04-10 23:19:05,681 - INFO - 删除空目录: H:/工作/组织部\2024-2025上学期入党推优材料\2023级\23土木1班入党申请材料\23土木1班发展对象材料
2025-04-10 23:19:05,695 - INFO - 删除空目录: H:/工作/组织部\2024-2025上学期入党推优材料\2023级\23土木3班入党申请材料\23土木3班发展对象材料
2025-04-10 23:19:05,703 - INFO - 删除空目录: H:/工作/组织部\2024-2025上学期入党推优材料\2023级\23土木4班入党申请材料\23土木4班积极分子材料
2025-04-10 23:19:05,712 - INFO - 删除空目录: H:/工作/组织部\2024-2025上学期入党推优材料\2023级\23土木5班入党申请材料\23土木5班发展对象材料
2025-04-10 23:19:05,726 - INFO - 删除空目录: H:/工作/组织部\2024-2025上学期入党推优材料\2023级\23土木6班入党申请材料\23土木6班积极分子材料
2025-04-10 23:19:05,753 - INFO - 删除空目录: H:/工作/组织部\2024-2025上学期入党推优材料\2023级\23建筑2班入党申请材料\23建筑2班积极分子材料
2025-04-10 23:19:05,773 - INFO - 删除空目录: H:/工作/组织部\2024-2025上学期入党推优材料\2023级\23水利2班入党申请材料\23水利2班发展对象材料
2025-04-10 23:19:05,779 - INFO - 删除空目录: H:/工作/组织部\2024-2025上学期入党推优材料\2023级\23水利2班入党申请材料\23水利2班积极分子材料
2025-04-10 23:19:05,804 - INFO - 删除空目录: H:/工作/组织部\2024-2025上学期入党推优材料\2023级\23研究生入党申请材料\23研究生积极分子材料
2025-04-10 23:19:05,814 - INFO - 删除空目录: H:/工作/组织部\2024-2025上学期入党推优材料\2023级\23水利2班入党申请材料
2025-04-10 23:19:05,824 - INFO - 删除空目录: H:/工作/组织部\2024-2025上学期入党推优材料\2024级\24土木1班入党申请材料\24土木1班发展对象材料
2025-04-10 23:19:05,837 - INFO - 删除空目录: H:/工作/组织部\2024-2025上学期入党推优材料\2024级\24土木2班入党申请材料\24土木2班发展对象材料
2025-04-10 23:19:05,847 - INFO - 删除空目录: H:/工作/组织部\2024-2025上学期入党推优材料\2024级\24土木3班入党申请材料\24土木3班发展对象材料
2025-04-10 23:19:05,858 - INFO - 删除空目录: H:/工作/组织部\2024-2025上学期入党推优材料\2024级\24土木4班入党申请材料\24土木4班发展对象材料
2025-04-10 23:19:05,868 - INFO - 删除空目录: H:/工作/组织部\2024-2025上学期入党推优材料\2024级\24土木5班入党申请材料\24土木5班发展对象材料
2025-04-10 23:19:05,879 - INFO - 删除空目录: H:/工作/组织部\2024-2025上学期入党推优材料\2024级\24土木6班入党申请材料\24土木6班发展对象材料
2025-04-10 23:19:05,892 - INFO - 删除空目录: H:/工作/组织部\2024-2025上学期入党推优材料\2024级\24建筑1班入党申请材料\24建筑1班发展对象材料
2025-04-10 23:19:05,904 - INFO - 删除空目录: H:/工作/组织部\2024-2025上学期入党推优材料\2024级\24建筑2班入党申请材料\24建筑2班发展对象材料
2025-04-10 23:19:05,914 - INFO - 删除空目录: H:/工作/组织部\2024-2025上学期入党推优材料\2024级\24水利1班入党申请材料\24水利1班发展对象材料
2025-04-10 23:19:05,926 - INFO - 删除空目录: H:/工作/组织部\2024-2025上学期入党推优材料\2024级\24水利2班入党申请材料\24水利2班发展对象材料
2025-04-10 23:19:05,936 - INFO - 删除空目录: H:/工作/组织部\2024-2025上学期入党推优材料\2024级\24水利3班入党申请材料\24水利3班发展对象材料
2025-04-10 23:19:05,965 - INFO - 删除空目录: H:/工作/组织部\2024-2025上学期入党推优材料\2020级
2025-04-10 23:19:06,091 - INFO - 删除空文件: H:/工作/组织部\2024-2025学年第一学期推优工作\2024-2025学年第一学期入团推优材料\入团积极分子谈话记录表.docx
2025-04-10 23:19:06,308 - INFO - 删除空目录: H:/工作/组织部\2024年水利学院团委评优\A思想引领\主题教育\A3
2025-04-10 23:19:06,316 - INFO - 删除空目录: H:/工作/组织部\2024年水利学院团委评优\A思想引领\党建引领\A1
2025-04-10 23:19:06,321 - INFO - 删除空目录: H:/工作/组织部\2024年水利学院团委评优\A思想引领\党建引领\A2
2025-04-10 23:19:06,326 - INFO - 删除空目录: H:/工作/组织部\2024年水利学院团委评优\A思想引领\党建引领
2025-04-10 23:19:06,331 - INFO - 删除空目录: H:/工作/组织部\2024年水利学院团委评优\A思想引领\宣传引导
2025-04-10 23:19:06,349 - INFO - 删除空目录: H:/工作/组织部\2024年水利学院团委评优\B组织建设\智慧团建\B11
2025-04-10 23:19:06,355 - INFO - 删除空目录: H:/工作/组织部\2024年水利学院团委评优\B组织建设\智慧团建\B12
2025-04-10 23:19:06,360 - INFO - 删除空目录: H:/工作/组织部\2024年水利学院团委评优\B组织建设\智慧团建\B13
2025-04-10 23:19:06,365 - INFO - 删除空目录: H:/工作/组织部\2024年水利学院团委评优\B组织建设\智慧团建\B14
2025-04-10 23:19:06,370 - INFO - 删除空目录: H:/工作/组织部\2024年水利学院团委评优\B组织建设\智慧团建\B15
2025-04-10 23:19:06,376 - INFO - 删除空目录: H:/工作/组织部\2024年水利学院团委评优\B组织建设\组织生活\B17
2025-04-10 23:19:06,387 - INFO - 删除空目录: H:/工作/组织部\2024年水利学院团委评优\B组织建设\队伍建设\B22
2025-04-10 23:19:06,393 - INFO - 删除空目录: H:/工作/组织部\2024年水利学院团委评优\B组织建设\智慧团建
2025-04-10 23:19:06,399 - INFO - 删除空目录: H:/工作/组织部\2024年水利学院团委评优\C创新创业\C25
2025-04-10 23:19:06,405 - INFO - 删除空目录: H:/工作/组织部\2024年水利学院团委评优\C创新创业\C26
2025-04-10 23:19:06,409 - INFO - 删除空目录: H:/工作/组织部\2024年水利学院团委评优\C创新创业\C27
2025-04-10 23:19:06,414 - INFO - 删除空目录: H:/工作/组织部\2024年水利学院团委评优\D社会实践与志愿服务\D社会实践\D29\三下乡
2025-04-10 23:19:06,421 - INFO - 删除空目录: H:/工作/组织部\2024年水利学院团委评优\D社会实践与志愿服务\D社会实践\D32\义务劳动
2025-04-10 23:19:06,427 - INFO - 删除空目录: H:/工作/组织部\2024年水利学院团委评优\D社会实践与志愿服务\D社会实践\D29
2025-04-10 23:19:06,433 - INFO - 删除空目录: H:/工作/组织部\2024年水利学院团委评优\D社会实践与志愿服务\D社会实践\D32
2025-04-10 23:19:06,438 - INFO - 删除空目录: H:/工作/组织部\2024年水利学院团委评优\D社会实践与志愿服务\D社会实践
2025-04-10 23:19:06,443 - INFO - 删除空目录: H:/工作/组织部\2024年水利学院团委评优\E校园文化\一院一品\C37
2025-04-10 23:19:06,449 - INFO - 删除空目录: H:/工作/组织部\2024年水利学院团委评优\E校园文化\38承办活动
2025-04-10 23:19:06,455 - INFO - 删除空目录: H:/工作/组织部\2024年水利学院团委评优\E校园文化\一院一品
2025-04-10 23:19:06,460 - INFO - 删除空目录: H:/工作/组织部\2024年水利学院团委评优\参考参考2023年的，不要编辑这个\A思想引领\主题教育\A3
2025-04-10 23:19:06,468 - INFO - 删除空目录: H:/工作/组织部\2024年水利学院团委评优\参考参考2023年的，不要编辑这个\A思想引领\主题教育\A5
2025-04-10 23:19:06,475 - INFO - 删除空目录: H:/工作/组织部\2024年水利学院团委评优\参考参考2023年的，不要编辑这个\A思想引领\主题教育\A6
2025-04-10 23:19:06,482 - INFO - 删除空目录: H:/工作/组织部\2024年水利学院团委评优\参考参考2023年的，不要编辑这个\A思想引领\党建引领\A2
2025-04-10 23:19:06,489 - INFO - 删除空目录: H:/工作/组织部\2024年水利学院团委评优\参考参考2023年的，不要编辑这个\A思想引领\主题教育
2025-04-10 23:19:06,495 - INFO - 删除空目录: H:/工作/组织部\2024年水利学院团委评优\参考参考2023年的，不要编辑这个\A思想引领\宣传引导
2025-04-10 23:19:06,507 - INFO - 删除空目录: H:/工作/组织部\2024年水利学院团委评优\参考参考2023年的，不要编辑这个\B组织建设\智慧团建\B11
2025-04-10 23:19:06,513 - INFO - 删除空目录: H:/工作/组织部\2024年水利学院团委评优\参考参考2023年的，不要编辑这个\B组织建设\智慧团建\B12
2025-04-10 23:19:06,520 - INFO - 删除空目录: H:/工作/组织部\2024年水利学院团委评优\参考参考2023年的，不要编辑这个\B组织建设\智慧团建\B13
2025-04-10 23:19:06,527 - INFO - 删除空目录: H:/工作/组织部\2024年水利学院团委评优\参考参考2023年的，不要编辑这个\B组织建设\智慧团建\B14
2025-04-10 23:19:06,537 - INFO - 删除空目录: H:/工作/组织部\2024年水利学院团委评优\参考参考2023年的，不要编辑这个\B组织建设\队伍建设\B22
2025-04-10 23:19:06,547 - INFO - 删除空目录: H:/工作/组织部\2024年水利学院团委评优\参考参考2023年的，不要编辑这个\C创新创业\C26
2025-04-10 23:19:06,553 - INFO - 删除空目录: H:/工作/组织部\2024年水利学院团委评优\参考参考2023年的，不要编辑这个\C创新创业\C27
2025-04-10 23:19:06,561 - INFO - 删除空目录: H:/工作/组织部\2024年水利学院团委评优\参考参考2023年的，不要编辑这个\D社会实践与志愿服务\D社会实践\D32\义务劳动
2025-04-10 23:19:06,570 - INFO - 删除空目录: H:/工作/组织部\2024年水利学院团委评优\参考参考2023年的，不要编辑这个\D社会实践与志愿服务\D社会实践\D32
2025-04-10 23:19:06,578 - INFO - 删除空目录: H:/工作/组织部\2024年水利学院团委评优\参考参考2023年的，不要编辑这个\E校园文化\一院一品\C37
2025-04-10 23:19:06,584 - INFO - 删除空目录: H:/工作/组织部\2024年水利学院团委评优\参考参考2023年的，不要编辑这个\E校园文化\38承办活动
2025-04-10 23:19:06,591 - INFO - 删除空目录: H:/工作/组织部\2024年水利学院团委评优\参考参考2023年的，不要编辑这个\E校园文化\一院一品
2025-04-10 23:19:06,599 - INFO - 删除空目录: H:/工作/组织部\2024年水利学院团委评优\参考参考2023年的，不要编辑这个\E校园文化
2025-04-10 23:19:06,605 - INFO - 删除空目录: H:/工作/组织部\2024年水利学院团委评优\C创新创业
2025-04-10 23:19:06,610 - INFO - 删除空目录: H:/工作/组织部\2024年水利学院团委评优\D社会实践与志愿服务
2025-04-10 23:19:06,614 - INFO - 删除空目录: H:/工作/组织部\2024年水利学院团委评优\E校园文化
2025-04-10 23:19:06,628 - INFO - 删除空文件: H:/工作/组织部\2024级新生团组织转接\杂乱\入团志愿书.pptx
2025-04-10 23:19:06,707 - INFO - 删除空目录: H:/工作/组织部\2025年春季五四评优\0408\压缩包\23建筑1班-团支部五四评优材料\23级建筑1班团支部五四评优材料\优秀共青团干部（标兵）申请表
2025-04-10 23:19:06,814 - INFO - 删除空文件: H:/工作/组织部\2025年春季五四评优\1.水利与土木工程学院-校五四表彰料\1.水利与土木工程学院-校五四表彰材料\公示无异议材料及公示链接.docx
2025-04-10 23:19:06,894 - INFO - 删除空文件: H:/工作/组织部\2025年春季五四评优\1.水利与土木工程学院-校五四表彰材料\公示无异议材料及公示链接.docx
2025-04-10 23:19:06,901 - INFO - 删除空目录: H:/工作/组织部\2025年春季五四评优\水利与土木工程学院-校五四表彰材料\1水利与土木工程学院-校五四表彰材料\01XX学院-华南农业大学五四红旗团委\01华南农业大学五四红旗团委-XX团委\xx学院佐证材料\1.思想引领\第10项 佐证材料
2025-04-10 23:19:06,913 - INFO - 删除空目录: H:/工作/组织部\2025年春季五四评优\水利与土木工程学院-校五四表彰材料\1水利与土木工程学院-校五四表彰材料\01XX学院-华南农业大学五四红旗团委\01华南农业大学五四红旗团委-XX团委\xx学院佐证材料\1.思想引领\第1项 佐证材料
2025-04-10 23:19:06,925 - INFO - 删除空目录: H:/工作/组织部\2025年春季五四评优\水利与土木工程学院-校五四表彰材料\1水利与土木工程学院-校五四表彰材料\01XX学院-华南农业大学五四红旗团委\01华南农业大学五四红旗团委-XX团委\xx学院佐证材料\1.思想引领\第2项 佐证材料
2025-04-10 23:19:06,937 - INFO - 删除空目录: H:/工作/组织部\2025年春季五四评优\水利与土木工程学院-校五四表彰材料\1水利与土木工程学院-校五四表彰材料\01XX学院-华南农业大学五四红旗团委\01华南农业大学五四红旗团委-XX团委\xx学院佐证材料\1.思想引领\第4项 佐证材料
2025-04-10 23:19:06,948 - INFO - 删除空目录: H:/工作/组织部\2025年春季五四评优\水利与土木工程学院-校五四表彰材料\1水利与土木工程学院-校五四表彰材料\01XX学院-华南农业大学五四红旗团委\01华南农业大学五四红旗团委-XX团委\xx学院佐证材料\1.思想引领\第5项 佐证材料
2025-04-10 23:19:06,961 - INFO - 删除空目录: H:/工作/组织部\2025年春季五四评优\水利与土木工程学院-校五四表彰材料\1水利与土木工程学院-校五四表彰材料\01XX学院-华南农业大学五四红旗团委\01华南农业大学五四红旗团委-XX团委\xx学院佐证材料\1.思想引领\第6项 佐证材料
2025-04-10 23:19:06,972 - INFO - 删除空目录: H:/工作/组织部\2025年春季五四评优\水利与土木工程学院-校五四表彰材料\1水利与土木工程学院-校五四表彰材料\01XX学院-华南农业大学五四红旗团委\01华南农业大学五四红旗团委-XX团委\xx学院佐证材料\1.思想引领\第7项 佐证材料
2025-04-10 23:19:06,985 - INFO - 删除空目录: H:/工作/组织部\2025年春季五四评优\水利与土木工程学院-校五四表彰材料\1水利与土木工程学院-校五四表彰材料\01XX学院-华南农业大学五四红旗团委\01华南农业大学五四红旗团委-XX团委\xx学院佐证材料\1.思想引领\第8项 佐证材料
2025-04-10 23:19:06,997 - INFO - 删除空目录: H:/工作/组织部\2025年春季五四评优\水利与土木工程学院-校五四表彰材料\1水利与土木工程学院-校五四表彰材料\01XX学院-华南农业大学五四红旗团委\01华南农业大学五四红旗团委-XX团委\xx学院佐证材料\1.思想引领\第9项 佐证材料
2025-04-10 23:19:07,009 - INFO - 删除空目录: H:/工作/组织部\2025年春季五四评优\水利与土木工程学院-校五四表彰材料\1水利与土木工程学院-校五四表彰材料\01XX学院-华南农业大学五四红旗团委\01华南农业大学五四红旗团委-XX团委\xx学院佐证材料\2.组织建设\第17项 佐证材料
2025-04-10 23:19:07,022 - INFO - 删除空目录: H:/工作/组织部\2025年春季五四评优\水利与土木工程学院-校五四表彰材料\1水利与土木工程学院-校五四表彰材料\01XX学院-华南农业大学五四红旗团委\01华南农业大学五四红旗团委-XX团委\xx学院佐证材料\2.组织建设\第18项 佐证材料
2025-04-10 23:19:07,033 - INFO - 删除空目录: H:/工作/组织部\2025年春季五四评优\水利与土木工程学院-校五四表彰材料\1水利与土木工程学院-校五四表彰材料\01XX学院-华南农业大学五四红旗团委\01华南农业大学五四红旗团委-XX团委\xx学院佐证材料\2.组织建设\第20项 佐证材料
2025-04-10 23:19:07,045 - INFO - 删除空目录: H:/工作/组织部\2025年春季五四评优\水利与土木工程学院-校五四表彰材料\1水利与土木工程学院-校五四表彰材料\01XX学院-华南农业大学五四红旗团委\01华南农业大学五四红旗团委-XX团委\xx学院佐证材料\2.组织建设\第21项 佐证材料
2025-04-10 23:19:07,058 - INFO - 删除空目录: H:/工作/组织部\2025年春季五四评优\水利与土木工程学院-校五四表彰材料\1水利与土木工程学院-校五四表彰材料\01XX学院-华南农业大学五四红旗团委\01华南农业大学五四红旗团委-XX团委\xx学院佐证材料\2.组织建设\第22项 佐证材料
2025-04-10 23:19:07,069 - INFO - 删除空目录: H:/工作/组织部\2025年春季五四评优\水利与土木工程学院-校五四表彰材料\1水利与土木工程学院-校五四表彰材料\01XX学院-华南农业大学五四红旗团委\01华南农业大学五四红旗团委-XX团委\xx学院佐证材料\2.组织建设\第24项 佐证材料
2025-04-10 23:19:07,081 - INFO - 删除空目录: H:/工作/组织部\2025年春季五四评优\水利与土木工程学院-校五四表彰材料\1水利与土木工程学院-校五四表彰材料\01XX学院-华南农业大学五四红旗团委\01华南农业大学五四红旗团委-XX团委\xx学院佐证材料\3.创新创业\第25项 佐证材料
2025-04-10 23:19:07,094 - INFO - 删除空目录: H:/工作/组织部\2025年春季五四评优\水利与土木工程学院-校五四表彰材料\1水利与土木工程学院-校五四表彰材料\01XX学院-华南农业大学五四红旗团委\01华南农业大学五四红旗团委-XX团委\xx学院佐证材料\3.创新创业\第26项 佐证材料
2025-04-10 23:19:07,105 - INFO - 删除空目录: H:/工作/组织部\2025年春季五四评优\水利与土木工程学院-校五四表彰材料\1水利与土木工程学院-校五四表彰材料\01XX学院-华南农业大学五四红旗团委\01华南农业大学五四红旗团委-XX团委\xx学院佐证材料\3.创新创业\第27项 佐证材料
2025-04-10 23:19:07,118 - INFO - 删除空目录: H:/工作/组织部\2025年春季五四评优\水利与土木工程学院-校五四表彰材料\1水利与土木工程学院-校五四表彰材料\01XX学院-华南农业大学五四红旗团委\01华南农业大学五四红旗团委-XX团委\xx学院佐证材料\4.社会实践与志愿服务\第28项 佐证材料
2025-04-10 23:19:07,130 - INFO - 删除空目录: H:/工作/组织部\2025年春季五四评优\水利与土木工程学院-校五四表彰材料\1水利与土木工程学院-校五四表彰材料\01XX学院-华南农业大学五四红旗团委\01华南农业大学五四红旗团委-XX团委\xx学院佐证材料\4.社会实践与志愿服务\第29项 佐证材料
2025-04-10 23:19:07,142 - INFO - 删除空目录: H:/工作/组织部\2025年春季五四评优\水利与土木工程学院-校五四表彰材料\1水利与土木工程学院-校五四表彰材料\01XX学院-华南农业大学五四红旗团委\01华南农业大学五四红旗团委-XX团委\xx学院佐证材料\4.社会实践与志愿服务\第30项 佐证材料
2025-04-10 23:19:07,155 - INFO - 删除空目录: H:/工作/组织部\2025年春季五四评优\水利与土木工程学院-校五四表彰材料\1水利与土木工程学院-校五四表彰材料\01XX学院-华南农业大学五四红旗团委\01华南农业大学五四红旗团委-XX团委\xx学院佐证材料\4.社会实践与志愿服务\第31项 佐证材料
2025-04-10 23:19:07,168 - INFO - 删除空目录: H:/工作/组织部\2025年春季五四评优\水利与土木工程学院-校五四表彰材料\1水利与土木工程学院-校五四表彰材料\01XX学院-华南农业大学五四红旗团委\01华南农业大学五四红旗团委-XX团委\xx学院佐证材料\4.社会实践与志愿服务\第32项 佐证材料
2025-04-10 23:19:07,180 - INFO - 删除空目录: H:/工作/组织部\2025年春季五四评优\水利与土木工程学院-校五四表彰材料\1水利与土木工程学院-校五四表彰材料\01XX学院-华南农业大学五四红旗团委\01华南农业大学五四红旗团委-XX团委\xx学院佐证材料\4.社会实践与志愿服务\第33项 佐证材料
2025-04-10 23:19:07,193 - INFO - 删除空目录: H:/工作/组织部\2025年春季五四评优\水利与土木工程学院-校五四表彰材料\1水利与土木工程学院-校五四表彰材料\01XX学院-华南农业大学五四红旗团委\01华南农业大学五四红旗团委-XX团委\xx学院佐证材料\4.社会实践与志愿服务\第34项 佐证材料
2025-04-10 23:19:07,205 - INFO - 删除空目录: H:/工作/组织部\2025年春季五四评优\水利与土木工程学院-校五四表彰材料\1水利与土木工程学院-校五四表彰材料\01XX学院-华南农业大学五四红旗团委\01华南农业大学五四红旗团委-XX团委\xx学院佐证材料\4.社会实践与志愿服务\第35项 佐证材料
2025-04-10 23:19:07,217 - INFO - 删除空目录: H:/工作/组织部\2025年春季五四评优\水利与土木工程学院-校五四表彰材料\1水利与土木工程学院-校五四表彰材料\01XX学院-华南农业大学五四红旗团委\01华南农业大学五四红旗团委-XX团委\xx学院佐证材料\4.社会实践与志愿服务\第36项 佐证材料
2025-04-10 23:19:07,230 - INFO - 删除空目录: H:/工作/组织部\2025年春季五四评优\水利与土木工程学院-校五四表彰材料\1水利与土木工程学院-校五四表彰材料\01XX学院-华南农业大学五四红旗团委\01华南农业大学五四红旗团委-XX团委\xx学院佐证材料\5.校园文化\第37项 佐证材料
2025-04-10 23:19:07,241 - INFO - 删除空目录: H:/工作/组织部\2025年春季五四评优\水利与土木工程学院-校五四表彰材料\1水利与土木工程学院-校五四表彰材料\01XX学院-华南农业大学五四红旗团委\01华南农业大学五四红旗团委-XX团委\xx学院佐证材料\5.校园文化\第38项 佐证材料
2025-04-10 23:19:07,253 - INFO - 删除空目录: H:/工作/组织部\2025年春季五四评优\水利与土木工程学院-校五四表彰材料\1水利与土木工程学院-校五四表彰材料\01XX学院-华南农业大学五四红旗团委\01华南农业大学五四红旗团委-XX团委\xx学院佐证材料\5.校园文化\第39项 佐证材料
2025-04-10 23:19:07,265 - INFO - 删除空目录: H:/工作/组织部\2025年春季五四评优\水利与土木工程学院-校五四表彰材料\1水利与土木工程学院-校五四表彰材料\01XX学院-华南农业大学五四红旗团委\01华南农业大学五四红旗团委-XX团委\xx学院佐证材料\5.校园文化\第40项 佐证材料
2025-04-10 23:19:07,276 - INFO - 删除空目录: H:/工作/组织部\2025年春季五四评优\水利与土木工程学院-校五四表彰材料\1水利与土木工程学院-校五四表彰材料\01XX学院-华南农业大学五四红旗团委\01华南农业大学五四红旗团委-XX团委\xx学院佐证材料\1.思想引领
2025-04-10 23:19:07,288 - INFO - 删除空目录: H:/工作/组织部\2025年春季五四评优\水利与土木工程学院-校五四表彰材料\1水利与土木工程学院-校五四表彰材料\01XX学院-华南农业大学五四红旗团委\01华南农业大学五四红旗团委-XX团委\xx学院佐证材料\2.组织建设
2025-04-10 23:19:07,300 - INFO - 删除空目录: H:/工作/组织部\2025年春季五四评优\水利与土木工程学院-校五四表彰材料\1水利与土木工程学院-校五四表彰材料\01XX学院-华南农业大学五四红旗团委\01华南农业大学五四红旗团委-XX团委\xx学院佐证材料\3.创新创业
2025-04-10 23:19:07,311 - INFO - 删除空目录: H:/工作/组织部\2025年春季五四评优\水利与土木工程学院-校五四表彰材料\1水利与土木工程学院-校五四表彰材料\01XX学院-华南农业大学五四红旗团委\01华南农业大学五四红旗团委-XX团委\xx学院佐证材料\4.社会实践与志愿服务
2025-04-10 23:19:07,322 - INFO - 删除空目录: H:/工作/组织部\2025年春季五四评优\水利与土木工程学院-校五四表彰材料\1水利与土木工程学院-校五四表彰材料\01XX学院-华南农业大学五四红旗团委\01华南农业大学五四红旗团委-XX团委\xx学院佐证材料\5.校园文化
2025-04-10 23:19:07,335 - INFO - 删除空目录: H:/工作/组织部\2025年春季五四评优\水利与土木工程学院-校五四表彰材料\1水利与土木工程学院-校五四表彰材料\01XX学院-华南农业大学五四红旗团委\01华南农业大学五四红旗团委-XX团委\xx学院佐证材料
2025-04-10 23:19:07,347 - INFO - 删除空目录: H:/工作/组织部\2025年春季五四评优\水利与土木工程学院-校五四表彰材料\1水利与土木工程学院-校五四表彰材料\02XX学院-华南农业大学五四红旗团支部\01xx学院xx年级xx专业xx班团支部（标兵）\佐证材料
2025-04-10 23:19:07,361 - INFO - 删除空目录: H:/工作/组织部\2025年春季五四评优\水利与土木工程学院-校五四表彰材料\1水利与土木工程学院-校五四表彰材料\03XX学院-华南农业大学优秀共青团员\01李四（标兵）\佐证材料
2025-04-10 23:19:07,372 - INFO - 删除空目录: H:/工作/组织部\2025年春季五四评优\水利与土木工程学院-校五四表彰材料\1水利与土木工程学院-校五四表彰材料\04XX学院-华南农业大学优秀共青团干部（优秀团支书）\01李四（标兵）\佐证材料
2025-04-10 23:19:07,385 - INFO - 删除空目录: H:/工作/组织部\2025年春季五四评优\水利与土木工程学院-校五四表彰材料\1水利与土木工程学院-校五四表彰材料\05XX学院-华南农业大学优秀共青团干部（其他团干部）\01李四（标兵）\佐证材料
2025-04-10 23:19:07,408 - INFO - 删除空文件: H:/工作/组织部\2025年春季五四评优\水利与土木工程学院-校五四表彰材料\1水利与土木工程学院-校五四表彰材料\公示无异议材料及公示链接.docx
2025-04-10 23:19:07,496 - INFO - 删除空文件: H:/工作/组织部\24-25小干\1216团支书述职大会分工会\分工表.docx
2025-04-10 23:19:07,562 - INFO - 删除空目录: H:/工作/组织部\学院组织架构文件夹\2024-2025学年第一学期水利与土木工程学院入党推优材料\2020级\20建筑1班入党申请材料
2025-04-10 23:19:07,569 - INFO - 删除空目录: H:/工作/组织部\学院组织架构文件夹\2024-2025学年第一学期水利与土木工程学院入党推优材料\2020级\20建筑2班入党申请材料
2025-04-10 23:19:07,576 - INFO - 删除空目录: H:/工作/组织部\学院组织架构文件夹\2024-2025学年第一学期水利与土木工程学院入党推优材料\2020级\20建筑3班入党申请材料
2025-04-10 23:19:07,584 - INFO - 删除空目录: H:/工作/组织部\学院组织架构文件夹\2024-2025学年第一学期水利与土木工程学院入党推优材料\2021级\21土木1班入党申请材料
2025-04-10 23:19:07,590 - INFO - 删除空目录: H:/工作/组织部\学院组织架构文件夹\2024-2025学年第一学期水利与土木工程学院入党推优材料\2021级\21土木2班入党申请材料
2025-04-10 23:19:07,598 - INFO - 删除空目录: H:/工作/组织部\学院组织架构文件夹\2024-2025学年第一学期水利与土木工程学院入党推优材料\2021级\21土木3班入党申请材料
2025-04-10 23:19:07,605 - INFO - 删除空目录: H:/工作/组织部\学院组织架构文件夹\2024-2025学年第一学期水利与土木工程学院入党推优材料\2021级\21土木4班入党申请材料
2025-04-10 23:19:07,613 - INFO - 删除空目录: H:/工作/组织部\学院组织架构文件夹\2024-2025学年第一学期水利与土木工程学院入党推优材料\2021级\21土木5班入党申请材料
2025-04-10 23:19:07,619 - INFO - 删除空目录: H:/工作/组织部\学院组织架构文件夹\2024-2025学年第一学期水利与土木工程学院入党推优材料\2021级\21土木6班入党申请材料
2025-04-10 23:19:07,626 - INFO - 删除空目录: H:/工作/组织部\学院组织架构文件夹\2024-2025学年第一学期水利与土木工程学院入党推优材料\2021级\21土木7班入党申请材料
2025-04-10 23:19:07,633 - INFO - 删除空目录: H:/工作/组织部\学院组织架构文件夹\2024-2025学年第一学期水利与土木工程学院入党推优材料\2021级\21建筑1班入党申请材料
2025-04-10 23:19:07,641 - INFO - 删除空目录: H:/工作/组织部\学院组织架构文件夹\2024-2025学年第一学期水利与土木工程学院入党推优材料\2021级\21建筑2班入党申请材料
2025-04-10 23:19:07,648 - INFO - 删除空目录: H:/工作/组织部\学院组织架构文件夹\2024-2025学年第一学期水利与土木工程学院入党推优材料\2021级\21水利1班入党申请材料
2025-04-10 23:19:07,656 - INFO - 删除空目录: H:/工作/组织部\学院组织架构文件夹\2024-2025学年第一学期水利与土木工程学院入党推优材料\2021级\21水利2班入党申请材料
2025-04-10 23:19:07,663 - INFO - 删除空目录: H:/工作/组织部\学院组织架构文件夹\2024-2025学年第一学期水利与土木工程学院入党推优材料\2021级\21水利3班入党申请材料
2025-04-10 23:19:07,670 - INFO - 删除空目录: H:/工作/组织部\学院组织架构文件夹\2024-2025学年第一学期水利与土木工程学院入党推优材料\2021级\21水利4班入党申请材料
2025-04-10 23:19:07,678 - INFO - 删除空目录: H:/工作/组织部\学院组织架构文件夹\2024-2025学年第一学期水利与土木工程学院入党推优材料\2022级\22土木1班入党申请材料
2025-04-10 23:19:07,685 - INFO - 删除空目录: H:/工作/组织部\学院组织架构文件夹\2024-2025学年第一学期水利与土木工程学院入党推优材料\2022级\22土木2班入党申请材料
2025-04-10 23:19:07,692 - INFO - 删除空目录: H:/工作/组织部\学院组织架构文件夹\2024-2025学年第一学期水利与土木工程学院入党推优材料\2022级\22土木3班入党申请材料
2025-04-10 23:19:07,699 - INFO - 删除空目录: H:/工作/组织部\学院组织架构文件夹\2024-2025学年第一学期水利与土木工程学院入党推优材料\2022级\22土木4班入党申请材料
2025-04-10 23:19:07,707 - INFO - 删除空目录: H:/工作/组织部\学院组织架构文件夹\2024-2025学年第一学期水利与土木工程学院入党推优材料\2022级\22土木5班入党申请材料
2025-04-10 23:19:07,714 - INFO - 删除空目录: H:/工作/组织部\学院组织架构文件夹\2024-2025学年第一学期水利与土木工程学院入党推优材料\2022级\22土木6班入党申请材料
2025-04-10 23:19:07,721 - INFO - 删除空目录: H:/工作/组织部\学院组织架构文件夹\2024-2025学年第一学期水利与土木工程学院入党推优材料\2022级\22土木7班入党申请材料
2025-04-10 23:19:07,728 - INFO - 删除空目录: H:/工作/组织部\学院组织架构文件夹\2024-2025学年第一学期水利与土木工程学院入党推优材料\2022级\22建筑1班入党申请材料
2025-04-10 23:19:07,736 - INFO - 删除空目录: H:/工作/组织部\学院组织架构文件夹\2024-2025学年第一学期水利与土木工程学院入党推优材料\2022级\22建筑2班入党申请材料
2025-04-10 23:19:07,743 - INFO - 删除空目录: H:/工作/组织部\学院组织架构文件夹\2024-2025学年第一学期水利与土木工程学院入党推优材料\2022级\22水利1班入党申请材料
2025-04-10 23:19:07,750 - INFO - 删除空目录: H:/工作/组织部\学院组织架构文件夹\2024-2025学年第一学期水利与土木工程学院入党推优材料\2022级\22水利2班入党申请材料
2025-04-10 23:19:07,757 - INFO - 删除空目录: H:/工作/组织部\学院组织架构文件夹\2024-2025学年第一学期水利与土木工程学院入党推优材料\2022级\22水利3班入党申请材料
2025-04-10 23:19:07,764 - INFO - 删除空目录: H:/工作/组织部\学院组织架构文件夹\2024-2025学年第一学期水利与土木工程学院入党推优材料\2022级\22研究生入党申请材料
2025-04-10 23:19:07,772 - INFO - 删除空目录: H:/工作/组织部\学院组织架构文件夹\2024-2025学年第一学期水利与土木工程学院入党推优材料\2023级\23土木1班入党申请材料
2025-04-10 23:19:07,779 - INFO - 删除空目录: H:/工作/组织部\学院组织架构文件夹\2024-2025学年第一学期水利与土木工程学院入党推优材料\2023级\23土木2班入党申请材料
2025-04-10 23:19:07,786 - INFO - 删除空目录: H:/工作/组织部\学院组织架构文件夹\2024-2025学年第一学期水利与土木工程学院入党推优材料\2023级\23土木3班入党申请材料
2025-04-10 23:19:07,793 - INFO - 删除空目录: H:/工作/组织部\学院组织架构文件夹\2024-2025学年第一学期水利与土木工程学院入党推优材料\2023级\23土木4班入党申请材料
2025-04-10 23:19:07,801 - INFO - 删除空目录: H:/工作/组织部\学院组织架构文件夹\2024-2025学年第一学期水利与土木工程学院入党推优材料\2023级\23土木5班入党申请材料
2025-04-10 23:19:07,808 - INFO - 删除空目录: H:/工作/组织部\学院组织架构文件夹\2024-2025学年第一学期水利与土木工程学院入党推优材料\2023级\23土木6班入党申请材料
2025-04-10 23:19:07,815 - INFO - 删除空目录: H:/工作/组织部\学院组织架构文件夹\2024-2025学年第一学期水利与土木工程学院入党推优材料\2023级\23土木7班入党申请材料
2025-04-10 23:19:07,822 - INFO - 删除空目录: H:/工作/组织部\学院组织架构文件夹\2024-2025学年第一学期水利与土木工程学院入党推优材料\2023级\23建筑1班入党申请材料
2025-04-10 23:19:07,830 - INFO - 删除空目录: H:/工作/组织部\学院组织架构文件夹\2024-2025学年第一学期水利与土木工程学院入党推优材料\2023级\23建筑2班入党申请材料
2025-04-10 23:19:07,837 - INFO - 删除空目录: H:/工作/组织部\学院组织架构文件夹\2024-2025学年第一学期水利与土木工程学院入党推优材料\2023级\23水利1班入党申请材料
2025-04-10 23:19:07,844 - INFO - 删除空目录: H:/工作/组织部\学院组织架构文件夹\2024-2025学年第一学期水利与土木工程学院入党推优材料\2023级\23水利2班入党申请材料
2025-04-10 23:19:07,852 - INFO - 删除空目录: H:/工作/组织部\学院组织架构文件夹\2024-2025学年第一学期水利与土木工程学院入党推优材料\2023级\23水利3班入党申请材料
2025-04-10 23:19:07,859 - INFO - 删除空目录: H:/工作/组织部\学院组织架构文件夹\2024-2025学年第一学期水利与土木工程学院入党推优材料\2023级\23研究生入党申请材料
2025-04-10 23:19:07,866 - INFO - 删除空目录: H:/工作/组织部\学院组织架构文件夹\2024-2025学年第一学期水利与土木工程学院入党推优材料\2024级\24土木1班入党申请材料
2025-04-10 23:19:07,873 - INFO - 删除空目录: H:/工作/组织部\学院组织架构文件夹\2024-2025学年第一学期水利与土木工程学院入党推优材料\2024级\24土木2班入党申请材料
2025-04-10 23:19:07,880 - INFO - 删除空目录: H:/工作/组织部\学院组织架构文件夹\2024-2025学年第一学期水利与土木工程学院入党推优材料\2024级\24土木3班入党申请材料
2025-04-10 23:19:07,887 - INFO - 删除空目录: H:/工作/组织部\学院组织架构文件夹\2024-2025学年第一学期水利与土木工程学院入党推优材料\2024级\24土木4班入党申请材料
2025-04-10 23:19:07,894 - INFO - 删除空目录: H:/工作/组织部\学院组织架构文件夹\2024-2025学年第一学期水利与土木工程学院入党推优材料\2024级\24土木5班入党申请材料
2025-04-10 23:19:07,902 - INFO - 删除空目录: H:/工作/组织部\学院组织架构文件夹\2024-2025学年第一学期水利与土木工程学院入党推优材料\2024级\24土木6班入党申请材料
2025-04-10 23:19:07,909 - INFO - 删除空目录: H:/工作/组织部\学院组织架构文件夹\2024-2025学年第一学期水利与土木工程学院入党推优材料\2024级\24建筑1班入党申请材料
2025-04-10 23:19:07,917 - INFO - 删除空目录: H:/工作/组织部\学院组织架构文件夹\2024-2025学年第一学期水利与土木工程学院入党推优材料\2024级\24建筑2班入党申请材料
2025-04-10 23:19:07,924 - INFO - 删除空目录: H:/工作/组织部\学院组织架构文件夹\2024-2025学年第一学期水利与土木工程学院入党推优材料\2024级\24水利1班入党申请材料
2025-04-10 23:19:07,931 - INFO - 删除空目录: H:/工作/组织部\学院组织架构文件夹\2024-2025学年第一学期水利与土木工程学院入党推优材料\2024级\24水利2班入党申请材料
2025-04-10 23:19:07,939 - INFO - 删除空目录: H:/工作/组织部\学院组织架构文件夹\2024-2025学年第一学期水利与土木工程学院入党推优材料\2024级\24水利3班入党申请材料
2025-04-10 23:19:07,947 - INFO - 删除空目录: H:/工作/组织部\学院组织架构文件夹\2024-2025学年第一学期水利与土木工程学院入党推优材料\2024级\24研究生入党申请材料
2025-04-10 23:19:07,954 - INFO - 删除空目录: H:/工作/组织部\学院组织架构文件夹\2024-2025学年第一学期水利与土木工程学院入党推优材料\2020级
2025-04-10 23:19:07,961 - INFO - 删除空目录: H:/工作/组织部\学院组织架构文件夹\2024-2025学年第一学期水利与土木工程学院入党推优材料\2021级
2025-04-10 23:19:07,967 - INFO - 删除空目录: H:/工作/组织部\学院组织架构文件夹\2024-2025学年第一学期水利与土木工程学院入党推优材料\2022级
2025-04-10 23:19:07,973 - INFO - 删除空目录: H:/工作/组织部\学院组织架构文件夹\2024-2025学年第一学期水利与土木工程学院入党推优材料\2023级
2025-04-10 23:19:07,980 - INFO - 删除空目录: H:/工作/组织部\学院组织架构文件夹\2024-2025学年第一学期水利与土木工程学院入党推优材料\2024级
2025-04-10 23:19:07,986 - INFO - 删除空目录: H:/工作/组织部\学院组织架构文件夹\2024-2025学年第一学期水利与土木工程学院入团推优材料\2020级\20建筑1班入团申请材料
2025-04-10 23:19:07,993 - INFO - 删除空目录: H:/工作/组织部\学院组织架构文件夹\2024-2025学年第一学期水利与土木工程学院入团推优材料\2020级\20建筑2班入团申请材料
2025-04-10 23:19:08,000 - INFO - 删除空目录: H:/工作/组织部\学院组织架构文件夹\2024-2025学年第一学期水利与土木工程学院入团推优材料\2020级\20建筑3班入团申请材料
2025-04-10 23:19:08,008 - INFO - 删除空目录: H:/工作/组织部\学院组织架构文件夹\2024-2025学年第一学期水利与土木工程学院入团推优材料\2021级\21土木1班入团申请材料
2025-04-10 23:19:08,015 - INFO - 删除空目录: H:/工作/组织部\学院组织架构文件夹\2024-2025学年第一学期水利与土木工程学院入团推优材料\2021级\21土木2班入团申请材料
2025-04-10 23:19:08,022 - INFO - 删除空目录: H:/工作/组织部\学院组织架构文件夹\2024-2025学年第一学期水利与土木工程学院入团推优材料\2021级\21土木3班入团申请材料
2025-04-10 23:19:08,030 - INFO - 删除空目录: H:/工作/组织部\学院组织架构文件夹\2024-2025学年第一学期水利与土木工程学院入团推优材料\2021级\21土木4班入团申请材料
2025-04-10 23:19:08,038 - INFO - 删除空目录: H:/工作/组织部\学院组织架构文件夹\2024-2025学年第一学期水利与土木工程学院入团推优材料\2021级\21土木5班入团申请材料
2025-04-10 23:19:08,045 - INFO - 删除空目录: H:/工作/组织部\学院组织架构文件夹\2024-2025学年第一学期水利与土木工程学院入团推优材料\2021级\21土木6班入团申请材料
2025-04-10 23:19:08,053 - INFO - 删除空目录: H:/工作/组织部\学院组织架构文件夹\2024-2025学年第一学期水利与土木工程学院入团推优材料\2021级\21土木7班入团申请材料
2025-04-10 23:19:08,061 - INFO - 删除空目录: H:/工作/组织部\学院组织架构文件夹\2024-2025学年第一学期水利与土木工程学院入团推优材料\2021级\21建筑1班入团申请材料
2025-04-10 23:19:08,068 - INFO - 删除空目录: H:/工作/组织部\学院组织架构文件夹\2024-2025学年第一学期水利与土木工程学院入团推优材料\2021级\21建筑2班入团申请材料
2025-04-10 23:19:08,075 - INFO - 删除空目录: H:/工作/组织部\学院组织架构文件夹\2024-2025学年第一学期水利与土木工程学院入团推优材料\2021级\21水利1班入团申请材料
2025-04-10 23:19:08,082 - INFO - 删除空目录: H:/工作/组织部\学院组织架构文件夹\2024-2025学年第一学期水利与土木工程学院入团推优材料\2021级\21水利2班入团申请材料
2025-04-10 23:19:08,091 - INFO - 删除空目录: H:/工作/组织部\学院组织架构文件夹\2024-2025学年第一学期水利与土木工程学院入团推优材料\2021级\21水利3班入团申请材料
2025-04-10 23:19:08,098 - INFO - 删除空目录: H:/工作/组织部\学院组织架构文件夹\2024-2025学年第一学期水利与土木工程学院入团推优材料\2021级\21水利4班入团申请材料
2025-04-10 23:19:08,105 - INFO - 删除空目录: H:/工作/组织部\学院组织架构文件夹\2024-2025学年第一学期水利与土木工程学院入团推优材料\2022级\22土木1班入团申请材料
2025-04-10 23:19:08,112 - INFO - 删除空目录: H:/工作/组织部\学院组织架构文件夹\2024-2025学年第一学期水利与土木工程学院入团推优材料\2022级\22土木2班入团申请材料
2025-04-10 23:19:08,119 - INFO - 删除空目录: H:/工作/组织部\学院组织架构文件夹\2024-2025学年第一学期水利与土木工程学院入团推优材料\2022级\22土木3班入团申请材料
2025-04-10 23:19:08,127 - INFO - 删除空目录: H:/工作/组织部\学院组织架构文件夹\2024-2025学年第一学期水利与土木工程学院入团推优材料\2022级\22土木4班入团申请材料
2025-04-10 23:19:08,134 - INFO - 删除空目录: H:/工作/组织部\学院组织架构文件夹\2024-2025学年第一学期水利与土木工程学院入团推优材料\2022级\22土木5班入团申请材料
2025-04-10 23:19:08,142 - INFO - 删除空目录: H:/工作/组织部\学院组织架构文件夹\2024-2025学年第一学期水利与土木工程学院入团推优材料\2022级\22土木6班入团申请材料
2025-04-10 23:19:08,150 - INFO - 删除空目录: H:/工作/组织部\学院组织架构文件夹\2024-2025学年第一学期水利与土木工程学院入团推优材料\2022级\22土木7班入团申请材料
2025-04-10 23:19:08,157 - INFO - 删除空目录: H:/工作/组织部\学院组织架构文件夹\2024-2025学年第一学期水利与土木工程学院入团推优材料\2022级\22建筑1班入团申请材料
2025-04-10 23:19:08,164 - INFO - 删除空目录: H:/工作/组织部\学院组织架构文件夹\2024-2025学年第一学期水利与土木工程学院入团推优材料\2022级\22建筑2班入团申请材料
2025-04-10 23:19:08,172 - INFO - 删除空目录: H:/工作/组织部\学院组织架构文件夹\2024-2025学年第一学期水利与土木工程学院入团推优材料\2022级\22水利1班入团申请材料
2025-04-10 23:19:08,180 - INFO - 删除空目录: H:/工作/组织部\学院组织架构文件夹\2024-2025学年第一学期水利与土木工程学院入团推优材料\2022级\22水利2班入团申请材料
2025-04-10 23:19:08,187 - INFO - 删除空目录: H:/工作/组织部\学院组织架构文件夹\2024-2025学年第一学期水利与土木工程学院入团推优材料\2022级\22水利3班入团申请材料
2025-04-10 23:19:08,195 - INFO - 删除空目录: H:/工作/组织部\学院组织架构文件夹\2024-2025学年第一学期水利与土木工程学院入团推优材料\2022级\22研究生入团申请材料
2025-04-10 23:19:08,202 - INFO - 删除空目录: H:/工作/组织部\学院组织架构文件夹\2024-2025学年第一学期水利与土木工程学院入团推优材料\2023级\23土木1班入团申请材料
2025-04-10 23:19:08,209 - INFO - 删除空目录: H:/工作/组织部\学院组织架构文件夹\2024-2025学年第一学期水利与土木工程学院入团推优材料\2023级\23土木2班入团申请材料
2025-04-10 23:19:08,216 - INFO - 删除空目录: H:/工作/组织部\学院组织架构文件夹\2024-2025学年第一学期水利与土木工程学院入团推优材料\2023级\23土木3班入团申请材料
2025-04-10 23:19:08,224 - INFO - 删除空目录: H:/工作/组织部\学院组织架构文件夹\2024-2025学年第一学期水利与土木工程学院入团推优材料\2023级\23土木4班入团申请材料
2025-04-10 23:19:08,231 - INFO - 删除空目录: H:/工作/组织部\学院组织架构文件夹\2024-2025学年第一学期水利与土木工程学院入团推优材料\2023级\23土木5班入团申请材料
2025-04-10 23:19:08,239 - INFO - 删除空目录: H:/工作/组织部\学院组织架构文件夹\2024-2025学年第一学期水利与土木工程学院入团推优材料\2023级\23土木6班入团申请材料
2025-04-10 23:19:08,245 - INFO - 删除空目录: H:/工作/组织部\学院组织架构文件夹\2024-2025学年第一学期水利与土木工程学院入团推优材料\2023级\23土木7班入团申请材料
2025-04-10 23:19:08,253 - INFO - 删除空目录: H:/工作/组织部\学院组织架构文件夹\2024-2025学年第一学期水利与土木工程学院入团推优材料\2023级\23建筑1班入团申请材料
2025-04-10 23:19:08,260 - INFO - 删除空目录: H:/工作/组织部\学院组织架构文件夹\2024-2025学年第一学期水利与土木工程学院入团推优材料\2023级\23建筑2班入团申请材料
2025-04-10 23:19:08,268 - INFO - 删除空目录: H:/工作/组织部\学院组织架构文件夹\2024-2025学年第一学期水利与土木工程学院入团推优材料\2023级\23水利1班入团申请材料
2025-04-10 23:19:08,275 - INFO - 删除空目录: H:/工作/组织部\学院组织架构文件夹\2024-2025学年第一学期水利与土木工程学院入团推优材料\2023级\23水利2班入团申请材料
2025-04-10 23:19:08,283 - INFO - 删除空目录: H:/工作/组织部\学院组织架构文件夹\2024-2025学年第一学期水利与土木工程学院入团推优材料\2023级\23水利3班入团申请材料
2025-04-10 23:19:08,291 - INFO - 删除空目录: H:/工作/组织部\学院组织架构文件夹\2024-2025学年第一学期水利与土木工程学院入团推优材料\2023级\23研究生入团申请材料
2025-04-10 23:19:08,298 - INFO - 删除空目录: H:/工作/组织部\学院组织架构文件夹\2024-2025学年第一学期水利与土木工程学院入团推优材料\2024级\24土木1班入团申请材料
2025-04-10 23:19:08,305 - INFO - 删除空目录: H:/工作/组织部\学院组织架构文件夹\2024-2025学年第一学期水利与土木工程学院入团推优材料\2024级\24土木2班入团申请材料
2025-04-10 23:19:08,312 - INFO - 删除空目录: H:/工作/组织部\学院组织架构文件夹\2024-2025学年第一学期水利与土木工程学院入团推优材料\2024级\24土木3班入团申请材料
2025-04-10 23:19:08,320 - INFO - 删除空目录: H:/工作/组织部\学院组织架构文件夹\2024-2025学年第一学期水利与土木工程学院入团推优材料\2024级\24土木4班入团申请材料
2025-04-10 23:19:08,328 - INFO - 删除空目录: H:/工作/组织部\学院组织架构文件夹\2024-2025学年第一学期水利与土木工程学院入团推优材料\2024级\24土木5班入团申请材料
2025-04-10 23:19:08,335 - INFO - 删除空目录: H:/工作/组织部\学院组织架构文件夹\2024-2025学年第一学期水利与土木工程学院入团推优材料\2024级\24土木6班入团申请材料
2025-04-10 23:19:08,343 - INFO - 删除空目录: H:/工作/组织部\学院组织架构文件夹\2024-2025学年第一学期水利与土木工程学院入团推优材料\2024级\24建筑1班入团申请材料
2025-04-10 23:19:08,351 - INFO - 删除空目录: H:/工作/组织部\学院组织架构文件夹\2024-2025学年第一学期水利与土木工程学院入团推优材料\2024级\24建筑2班入团申请材料
2025-04-10 23:19:08,359 - INFO - 删除空目录: H:/工作/组织部\学院组织架构文件夹\2024-2025学年第一学期水利与土木工程学院入团推优材料\2024级\24水利1班入团申请材料
2025-04-10 23:19:08,367 - INFO - 删除空目录: H:/工作/组织部\学院组织架构文件夹\2024-2025学年第一学期水利与土木工程学院入团推优材料\2024级\24水利2班入团申请材料
2025-04-10 23:19:08,374 - INFO - 删除空目录: H:/工作/组织部\学院组织架构文件夹\2024-2025学年第一学期水利与土木工程学院入团推优材料\2024级\24水利3班入团申请材料
2025-04-10 23:19:08,381 - INFO - 删除空目录: H:/工作/组织部\学院组织架构文件夹\2024-2025学年第一学期水利与土木工程学院入团推优材料\2024级\24研究生入团申请材料
2025-04-10 23:19:08,388 - INFO - 删除空目录: H:/工作/组织部\学院组织架构文件夹\2024-2025学年第一学期水利与土木工程学院入团推优材料\2020级
2025-04-10 23:19:08,396 - INFO - 删除空目录: H:/工作/组织部\学院组织架构文件夹\2024-2025学年第一学期水利与土木工程学院入团推优材料\2021级
2025-04-10 23:19:08,402 - INFO - 删除空目录: H:/工作/组织部\学院组织架构文件夹\2024-2025学年第一学期水利与土木工程学院入团推优材料\2022级
2025-04-10 23:19:08,409 - INFO - 删除空目录: H:/工作/组织部\学院组织架构文件夹\2024-2025学年第一学期水利与土木工程学院入团推优材料\2023级
2025-04-10 23:19:08,416 - INFO - 删除空目录: H:/工作/组织部\学院组织架构文件夹\2024-2025学年第一学期水利与土木工程学院入团推优材料\2024级
2025-04-10 23:19:08,423 - INFO - 删除空目录: H:/工作/组织部\学院组织架构文件夹\入党材料\2020级\20建筑1班入党申请材料\20建筑1班发展对象材料
2025-04-10 23:19:08,430 - INFO - 删除空目录: H:/工作/组织部\学院组织架构文件夹\入党材料\2020级\20建筑1班入党申请材料\20建筑1班积极分子材料
2025-04-10 23:19:08,437 - INFO - 删除空目录: H:/工作/组织部\学院组织架构文件夹\入党材料\2020级\20建筑2班入党申请材料\20建筑2班发展对象材料
2025-04-10 23:19:08,443 - INFO - 删除空目录: H:/工作/组织部\学院组织架构文件夹\入党材料\2020级\20建筑2班入党申请材料\20建筑2班积极分子材料
2025-04-10 23:19:08,449 - INFO - 删除空目录: H:/工作/组织部\学院组织架构文件夹\入党材料\2020级\20建筑3班入党申请材料\20建筑3班发展对象材料
2025-04-10 23:19:08,457 - INFO - 删除空目录: H:/工作/组织部\学院组织架构文件夹\入党材料\2020级\20建筑3班入党申请材料\20建筑3班积极分子材料
2025-04-10 23:19:08,463 - INFO - 删除空目录: H:/工作/组织部\学院组织架构文件夹\入党材料\2020级\20建筑1班入党申请材料
2025-04-10 23:19:08,469 - INFO - 删除空目录: H:/工作/组织部\学院组织架构文件夹\入党材料\2020级\20建筑2班入党申请材料
2025-04-10 23:19:08,474 - INFO - 删除空目录: H:/工作/组织部\学院组织架构文件夹\入党材料\2020级\20建筑3班入党申请材料
2025-04-10 23:19:08,480 - INFO - 删除空目录: H:/工作/组织部\学院组织架构文件夹\入党材料\2021级\21土木1班入党申请材料\21土木1班发展对象材料
2025-04-10 23:19:08,488 - INFO - 删除空目录: H:/工作/组织部\学院组织架构文件夹\入党材料\2021级\21土木1班入党申请材料\21土木1班积极分子材料
2025-04-10 23:19:08,495 - INFO - 删除空目录: H:/工作/组织部\学院组织架构文件夹\入党材料\2021级\21土木2班入党申请材料\21土木2班发展对象材料
2025-04-10 23:19:08,501 - INFO - 删除空目录: H:/工作/组织部\学院组织架构文件夹\入党材料\2021级\21土木2班入党申请材料\21土木2班积极分子材料
2025-04-10 23:19:08,507 - INFO - 删除空目录: H:/工作/组织部\学院组织架构文件夹\入党材料\2021级\21土木3班入党申请材料\21土木3班发展对象材料
2025-04-10 23:19:08,514 - INFO - 删除空目录: H:/工作/组织部\学院组织架构文件夹\入党材料\2021级\21土木3班入党申请材料\21土木3班积极分子材料
2025-04-10 23:19:08,520 - INFO - 删除空目录: H:/工作/组织部\学院组织架构文件夹\入党材料\2021级\21土木4班入党申请材料\21土木4班发展对象材料
2025-04-10 23:19:08,527 - INFO - 删除空目录: H:/工作/组织部\学院组织架构文件夹\入党材料\2021级\21土木4班入党申请材料\21土木4班积极分子材料
2025-04-10 23:19:08,534 - INFO - 删除空目录: H:/工作/组织部\学院组织架构文件夹\入党材料\2021级\21土木5班入党申请材料\21土木5班发展对象材料
2025-04-10 23:19:08,541 - INFO - 删除空目录: H:/工作/组织部\学院组织架构文件夹\入党材料\2021级\21土木5班入党申请材料\21土木5班积极分子材料
2025-04-10 23:19:08,548 - INFO - 删除空目录: H:/工作/组织部\学院组织架构文件夹\入党材料\2021级\21土木6班入党申请材料\21土木6班发展对象材料
2025-04-10 23:19:08,554 - INFO - 删除空目录: H:/工作/组织部\学院组织架构文件夹\入党材料\2021级\21土木6班入党申请材料\21土木6班积极分子材料
2025-04-10 23:19:08,560 - INFO - 删除空目录: H:/工作/组织部\学院组织架构文件夹\入党材料\2021级\21土木7班入党申请材料\21土木7班发展对象材料
2025-04-10 23:19:08,566 - INFO - 删除空目录: H:/工作/组织部\学院组织架构文件夹\入党材料\2021级\21土木7班入党申请材料\21土木7班积极分子材料
2025-04-10 23:19:08,573 - INFO - 删除空目录: H:/工作/组织部\学院组织架构文件夹\入党材料\2021级\21建筑1班入党申请材料\21建筑1班发展对象材料
2025-04-10 23:19:08,579 - INFO - 删除空目录: H:/工作/组织部\学院组织架构文件夹\入党材料\2021级\21建筑1班入党申请材料\21建筑1班积极分子材料
2025-04-10 23:19:08,585 - INFO - 删除空目录: H:/工作/组织部\学院组织架构文件夹\入党材料\2021级\21建筑2班入党申请材料\21建筑2班发展对象材料
2025-04-10 23:19:08,591 - INFO - 删除空目录: H:/工作/组织部\学院组织架构文件夹\入党材料\2021级\21建筑2班入党申请材料\21建筑2班积极分子材料
2025-04-10 23:19:08,598 - INFO - 删除空目录: H:/工作/组织部\学院组织架构文件夹\入党材料\2021级\21水利1班入党申请材料\21水利1班发展对象材料
2025-04-10 23:19:08,604 - INFO - 删除空目录: H:/工作/组织部\学院组织架构文件夹\入党材料\2021级\21水利1班入党申请材料\21水利1班积极分子材料
2025-04-10 23:19:08,611 - INFO - 删除空目录: H:/工作/组织部\学院组织架构文件夹\入党材料\2021级\21水利2班入党申请材料\21水利2班发展对象材料
2025-04-10 23:19:08,617 - INFO - 删除空目录: H:/工作/组织部\学院组织架构文件夹\入党材料\2021级\21水利2班入党申请材料\21水利2班积极分子材料
2025-04-10 23:19:08,623 - INFO - 删除空目录: H:/工作/组织部\学院组织架构文件夹\入党材料\2021级\21水利3班入党申请材料\21水利3班发展对象材料
2025-04-10 23:19:08,629 - INFO - 删除空目录: H:/工作/组织部\学院组织架构文件夹\入党材料\2021级\21水利3班入党申请材料\21水利3班积极分子材料
2025-04-10 23:19:08,636 - INFO - 删除空目录: H:/工作/组织部\学院组织架构文件夹\入党材料\2021级\21水利4班入党申请材料\21水利4班发展对象材料
2025-04-10 23:19:08,642 - INFO - 删除空目录: H:/工作/组织部\学院组织架构文件夹\入党材料\2021级\21水利4班入党申请材料\21水利4班积极分子材料
2025-04-10 23:19:08,648 - INFO - 删除空目录: H:/工作/组织部\学院组织架构文件夹\入党材料\2021级\21土木1班入党申请材料
2025-04-10 23:19:08,653 - INFO - 删除空目录: H:/工作/组织部\学院组织架构文件夹\入党材料\2021级\21土木2班入党申请材料
2025-04-10 23:19:08,658 - INFO - 删除空目录: H:/工作/组织部\学院组织架构文件夹\入党材料\2021级\21土木3班入党申请材料
2025-04-10 23:19:08,664 - INFO - 删除空目录: H:/工作/组织部\学院组织架构文件夹\入党材料\2021级\21土木4班入党申请材料
2025-04-10 23:19:08,669 - INFO - 删除空目录: H:/工作/组织部\学院组织架构文件夹\入党材料\2021级\21土木5班入党申请材料
2025-04-10 23:19:08,675 - INFO - 删除空目录: H:/工作/组织部\学院组织架构文件夹\入党材料\2021级\21土木6班入党申请材料
2025-04-10 23:19:08,681 - INFO - 删除空目录: H:/工作/组织部\学院组织架构文件夹\入党材料\2021级\21土木7班入党申请材料
2025-04-10 23:19:08,686 - INFO - 删除空目录: H:/工作/组织部\学院组织架构文件夹\入党材料\2021级\21建筑1班入党申请材料
2025-04-10 23:19:08,692 - INFO - 删除空目录: H:/工作/组织部\学院组织架构文件夹\入党材料\2021级\21建筑2班入党申请材料
2025-04-10 23:19:08,697 - INFO - 删除空目录: H:/工作/组织部\学院组织架构文件夹\入党材料\2021级\21水利1班入党申请材料
2025-04-10 23:19:08,702 - INFO - 删除空目录: H:/工作/组织部\学院组织架构文件夹\入党材料\2021级\21水利2班入党申请材料
2025-04-10 23:19:08,708 - INFO - 删除空目录: H:/工作/组织部\学院组织架构文件夹\入党材料\2021级\21水利3班入党申请材料
2025-04-10 23:19:08,713 - INFO - 删除空目录: H:/工作/组织部\学院组织架构文件夹\入党材料\2021级\21水利4班入党申请材料
2025-04-10 23:19:08,718 - INFO - 删除空目录: H:/工作/组织部\学院组织架构文件夹\入党材料\2022级\22土木1班入党申请材料\22土木1班发展对象材料
2025-04-10 23:19:08,724 - INFO - 删除空目录: H:/工作/组织部\学院组织架构文件夹\入党材料\2022级\22土木1班入党申请材料\22土木1班积极分子材料
2025-04-10 23:19:08,731 - INFO - 删除空目录: H:/工作/组织部\学院组织架构文件夹\入党材料\2022级\22土木2班入党申请材料\22土木2班发展对象材料
2025-04-10 23:19:08,737 - INFO - 删除空目录: H:/工作/组织部\学院组织架构文件夹\入党材料\2022级\22土木2班入党申请材料\22土木2班积极分子材料
2025-04-10 23:19:08,743 - INFO - 删除空目录: H:/工作/组织部\学院组织架构文件夹\入党材料\2022级\22土木3班入党申请材料\22土木3班发展对象材料
2025-04-10 23:19:08,748 - INFO - 删除空目录: H:/工作/组织部\学院组织架构文件夹\入党材料\2022级\22土木3班入党申请材料\22土木3班积极分子材料
2025-04-10 23:19:08,754 - INFO - 删除空目录: H:/工作/组织部\学院组织架构文件夹\入党材料\2022级\22土木4班入党申请材料\22土木4班发展对象材料
2025-04-10 23:19:08,760 - INFO - 删除空目录: H:/工作/组织部\学院组织架构文件夹\入党材料\2022级\22土木4班入党申请材料\22土木4班积极分子材料
2025-04-10 23:19:08,768 - INFO - 删除空目录: H:/工作/组织部\学院组织架构文件夹\入党材料\2022级\22土木5班入党申请材料\22土木5班发展对象材料
2025-04-10 23:19:08,774 - INFO - 删除空目录: H:/工作/组织部\学院组织架构文件夹\入党材料\2022级\22土木5班入党申请材料\22土木5班积极分子材料
2025-04-10 23:19:08,780 - INFO - 删除空目录: H:/工作/组织部\学院组织架构文件夹\入党材料\2022级\22土木6班入党申请材料\22土木6班发展对象材料
2025-04-10 23:19:08,786 - INFO - 删除空目录: H:/工作/组织部\学院组织架构文件夹\入党材料\2022级\22土木6班入党申请材料\22土木6班积极分子材料
2025-04-10 23:19:08,792 - INFO - 删除空目录: H:/工作/组织部\学院组织架构文件夹\入党材料\2022级\22土木7班入党申请材料\22土木7班发展对象材料
2025-04-10 23:19:08,798 - INFO - 删除空目录: H:/工作/组织部\学院组织架构文件夹\入党材料\2022级\22土木7班入党申请材料\22土木7班积极分子材料
2025-04-10 23:19:08,805 - INFO - 删除空目录: H:/工作/组织部\学院组织架构文件夹\入党材料\2022级\22建筑1班入党申请材料\22建筑1班发展对象材料
2025-04-10 23:19:08,811 - INFO - 删除空目录: H:/工作/组织部\学院组织架构文件夹\入党材料\2022级\22建筑1班入党申请材料\22建筑1班积极分子材料
2025-04-10 23:19:08,817 - INFO - 删除空目录: H:/工作/组织部\学院组织架构文件夹\入党材料\2022级\22建筑2班入党申请材料\22建筑2班发展对象材料
2025-04-10 23:19:08,824 - INFO - 删除空目录: H:/工作/组织部\学院组织架构文件夹\入党材料\2022级\22建筑2班入党申请材料\22建筑2班积极分子材料
2025-04-10 23:19:08,830 - INFO - 删除空目录: H:/工作/组织部\学院组织架构文件夹\入党材料\2022级\22水利1班入党申请材料\22水利1班发展对象材料
2025-04-10 23:19:08,836 - INFO - 删除空目录: H:/工作/组织部\学院组织架构文件夹\入党材料\2022级\22水利1班入党申请材料\22水利1班积极分子材料
2025-04-10 23:19:08,843 - INFO - 删除空目录: H:/工作/组织部\学院组织架构文件夹\入党材料\2022级\22水利2班入党申请材料\22水利2班发展对象材料
2025-04-10 23:19:08,849 - INFO - 删除空目录: H:/工作/组织部\学院组织架构文件夹\入党材料\2022级\22水利2班入党申请材料\22水利2班积极分子材料
2025-04-10 23:19:08,854 - INFO - 删除空目录: H:/工作/组织部\学院组织架构文件夹\入党材料\2022级\22水利3班入党申请材料\22水利3班发展对象材料
2025-04-10 23:19:08,861 - INFO - 删除空目录: H:/工作/组织部\学院组织架构文件夹\入党材料\2022级\22水利3班入党申请材料\22水利3班积极分子材料
2025-04-10 23:19:08,867 - INFO - 删除空目录: H:/工作/组织部\学院组织架构文件夹\入党材料\2022级\22研究生入党申请材料\22研究生发展对象材料
2025-04-10 23:19:08,873 - INFO - 删除空目录: H:/工作/组织部\学院组织架构文件夹\入党材料\2022级\22研究生入党申请材料\22研究生积极分子材料
2025-04-10 23:19:08,879 - INFO - 删除空目录: H:/工作/组织部\学院组织架构文件夹\入党材料\2022级\22土木1班入党申请材料
2025-04-10 23:19:08,884 - INFO - 删除空目录: H:/工作/组织部\学院组织架构文件夹\入党材料\2022级\22土木2班入党申请材料
2025-04-10 23:19:08,890 - INFO - 删除空目录: H:/工作/组织部\学院组织架构文件夹\入党材料\2022级\22土木3班入党申请材料
2025-04-10 23:19:08,895 - INFO - 删除空目录: H:/工作/组织部\学院组织架构文件夹\入党材料\2022级\22土木4班入党申请材料
2025-04-10 23:19:08,900 - INFO - 删除空目录: H:/工作/组织部\学院组织架构文件夹\入党材料\2022级\22土木5班入党申请材料
2025-04-10 23:19:08,906 - INFO - 删除空目录: H:/工作/组织部\学院组织架构文件夹\入党材料\2022级\22土木6班入党申请材料
2025-04-10 23:19:08,912 - INFO - 删除空目录: H:/工作/组织部\学院组织架构文件夹\入党材料\2022级\22土木7班入党申请材料
2025-04-10 23:19:08,917 - INFO - 删除空目录: H:/工作/组织部\学院组织架构文件夹\入党材料\2022级\22建筑1班入党申请材料
2025-04-10 23:19:08,923 - INFO - 删除空目录: H:/工作/组织部\学院组织架构文件夹\入党材料\2022级\22建筑2班入党申请材料
2025-04-10 23:19:08,928 - INFO - 删除空目录: H:/工作/组织部\学院组织架构文件夹\入党材料\2022级\22水利1班入党申请材料
2025-04-10 23:19:08,933 - INFO - 删除空目录: H:/工作/组织部\学院组织架构文件夹\入党材料\2022级\22水利2班入党申请材料
2025-04-10 23:19:08,939 - INFO - 删除空目录: H:/工作/组织部\学院组织架构文件夹\入党材料\2022级\22水利3班入党申请材料
2025-04-10 23:19:08,944 - INFO - 删除空目录: H:/工作/组织部\学院组织架构文件夹\入党材料\2022级\22研究生入党申请材料
2025-04-10 23:19:08,949 - INFO - 删除空目录: H:/工作/组织部\学院组织架构文件夹\入党材料\2023级\23土木1班入党申请材料\23土木1班发展对象材料
2025-04-10 23:19:08,955 - INFO - 删除空目录: H:/工作/组织部\学院组织架构文件夹\入党材料\2023级\23土木1班入党申请材料\23土木1班积极分子材料
2025-04-10 23:19:08,961 - INFO - 删除空目录: H:/工作/组织部\学院组织架构文件夹\入党材料\2023级\23土木2班入党申请材料\23土木2班发展对象材料
2025-04-10 23:19:08,967 - INFO - 删除空目录: H:/工作/组织部\学院组织架构文件夹\入党材料\2023级\23土木2班入党申请材料\23土木2班积极分子材料
2025-04-10 23:19:08,974 - INFO - 删除空目录: H:/工作/组织部\学院组织架构文件夹\入党材料\2023级\23土木3班入党申请材料\23土木3班发展对象材料
2025-04-10 23:19:08,980 - INFO - 删除空目录: H:/工作/组织部\学院组织架构文件夹\入党材料\2023级\23土木3班入党申请材料\23土木3班积极分子材料
2025-04-10 23:19:08,994 - INFO - 删除空目录: H:/工作/组织部\学院组织架构文件夹\入党材料\2023级\23土木4班入党申请材料\23土木4班发展对象材料
2025-04-10 23:19:09,001 - INFO - 删除空目录: H:/工作/组织部\学院组织架构文件夹\入党材料\2023级\23土木4班入党申请材料\23土木4班积极分子材料
2025-04-10 23:19:09,007 - INFO - 删除空目录: H:/工作/组织部\学院组织架构文件夹\入党材料\2023级\23土木5班入党申请材料\23土木5班发展对象材料
2025-04-10 23:19:09,013 - INFO - 删除空目录: H:/工作/组织部\学院组织架构文件夹\入党材料\2023级\23土木5班入党申请材料\23土木5班积极分子材料
2025-04-10 23:19:09,021 - INFO - 删除空目录: H:/工作/组织部\学院组织架构文件夹\入党材料\2023级\23土木6班入党申请材料\23土木6班发展对象材料
2025-04-10 23:19:09,027 - INFO - 删除空目录: H:/工作/组织部\学院组织架构文件夹\入党材料\2023级\23土木6班入党申请材料\23土木6班积极分子材料
2025-04-10 23:19:09,034 - INFO - 删除空目录: H:/工作/组织部\学院组织架构文件夹\入党材料\2023级\23土木7班入党申请材料\23土木7班发展对象材料
2025-04-10 23:19:09,040 - INFO - 删除空目录: H:/工作/组织部\学院组织架构文件夹\入党材料\2023级\23土木7班入党申请材料\23土木7班积极分子材料
2025-04-10 23:19:09,048 - INFO - 删除空目录: H:/工作/组织部\学院组织架构文件夹\入党材料\2023级\23建筑1班入党申请材料\23建筑1班发展对象材料
2025-04-10 23:19:09,054 - INFO - 删除空目录: H:/工作/组织部\学院组织架构文件夹\入党材料\2023级\23建筑1班入党申请材料\23建筑1班积极分子材料
2025-04-10 23:19:09,060 - INFO - 删除空目录: H:/工作/组织部\学院组织架构文件夹\入党材料\2023级\23建筑2班入党申请材料\23建筑2班发展对象材料
2025-04-10 23:19:09,066 - INFO - 删除空目录: H:/工作/组织部\学院组织架构文件夹\入党材料\2023级\23建筑2班入党申请材料\23建筑2班积极分子材料
2025-04-10 23:19:09,072 - INFO - 删除空目录: H:/工作/组织部\学院组织架构文件夹\入党材料\2023级\23水利1班入党申请材料\23水利1班发展对象材料
2025-04-10 23:19:09,080 - INFO - 删除空目录: H:/工作/组织部\学院组织架构文件夹\入党材料\2023级\23水利1班入党申请材料\23水利1班积极分子材料
2025-04-10 23:19:09,086 - INFO - 删除空目录: H:/工作/组织部\学院组织架构文件夹\入党材料\2023级\23水利2班入党申请材料\23水利2班发展对象材料
2025-04-10 23:19:09,092 - INFO - 删除空目录: H:/工作/组织部\学院组织架构文件夹\入党材料\2023级\23水利2班入党申请材料\23水利2班积极分子材料
2025-04-10 23:19:09,098 - INFO - 删除空目录: H:/工作/组织部\学院组织架构文件夹\入党材料\2023级\23水利3班入党申请材料\23水利3班发展对象材料
2025-04-10 23:19:09,105 - INFO - 删除空目录: H:/工作/组织部\学院组织架构文件夹\入党材料\2023级\23水利3班入党申请材料\23水利3班积极分子材料
2025-04-10 23:19:09,111 - INFO - 删除空目录: H:/工作/组织部\学院组织架构文件夹\入党材料\2023级\23研究生入党申请材料\23研究生发展对象材料
2025-04-10 23:19:09,117 - INFO - 删除空目录: H:/工作/组织部\学院组织架构文件夹\入党材料\2023级\23研究生入党申请材料\23研究生积极分子材料
2025-04-10 23:19:09,123 - INFO - 删除空目录: H:/工作/组织部\学院组织架构文件夹\入党材料\2023级\23土木1班入党申请材料
2025-04-10 23:19:09,129 - INFO - 删除空目录: H:/工作/组织部\学院组织架构文件夹\入党材料\2023级\23土木2班入党申请材料
2025-04-10 23:19:09,134 - INFO - 删除空目录: H:/工作/组织部\学院组织架构文件夹\入党材料\2023级\23土木3班入党申请材料
2025-04-10 23:19:09,140 - INFO - 删除空目录: H:/工作/组织部\学院组织架构文件夹\入党材料\2023级\23土木4班入党申请材料
2025-04-10 23:19:09,145 - INFO - 删除空目录: H:/工作/组织部\学院组织架构文件夹\入党材料\2023级\23土木5班入党申请材料
2025-04-10 23:19:09,150 - INFO - 删除空目录: H:/工作/组织部\学院组织架构文件夹\入党材料\2023级\23土木6班入党申请材料
2025-04-10 23:19:09,156 - INFO - 删除空目录: H:/工作/组织部\学院组织架构文件夹\入党材料\2023级\23土木7班入党申请材料
2025-04-10 23:19:09,161 - INFO - 删除空目录: H:/工作/组织部\学院组织架构文件夹\入党材料\2023级\23建筑1班入党申请材料
2025-04-10 23:19:09,166 - INFO - 删除空目录: H:/工作/组织部\学院组织架构文件夹\入党材料\2023级\23建筑2班入党申请材料
2025-04-10 23:19:09,172 - INFO - 删除空目录: H:/工作/组织部\学院组织架构文件夹\入党材料\2023级\23水利1班入党申请材料
2025-04-10 23:19:09,177 - INFO - 删除空目录: H:/工作/组织部\学院组织架构文件夹\入党材料\2023级\23水利2班入党申请材料
2025-04-10 23:19:09,183 - INFO - 删除空目录: H:/工作/组织部\学院组织架构文件夹\入党材料\2023级\23水利3班入党申请材料
2025-04-10 23:19:09,188 - INFO - 删除空目录: H:/工作/组织部\学院组织架构文件夹\入党材料\2023级\23研究生入党申请材料
2025-04-10 23:19:09,193 - INFO - 删除空目录: H:/工作/组织部\学院组织架构文件夹\入党材料\2024级\24土木1班入党申请材料\24土木1班发展对象材料
2025-04-10 23:19:09,199 - INFO - 删除空目录: H:/工作/组织部\学院组织架构文件夹\入党材料\2024级\24土木1班入党申请材料\24土木1班积极分子材料
2025-04-10 23:19:09,207 - INFO - 删除空目录: H:/工作/组织部\学院组织架构文件夹\入党材料\2024级\24土木2班入党申请材料\24土木2班发展对象材料
2025-04-10 23:19:09,213 - INFO - 删除空目录: H:/工作/组织部\学院组织架构文件夹\入党材料\2024级\24土木2班入党申请材料\24土木2班积极分子材料
2025-04-10 23:19:09,219 - INFO - 删除空目录: H:/工作/组织部\学院组织架构文件夹\入党材料\2024级\24土木3班入党申请材料\24土木3班发展对象材料
2025-04-10 23:19:09,226 - INFO - 删除空目录: H:/工作/组织部\学院组织架构文件夹\入党材料\2024级\24土木3班入党申请材料\24土木3班积极分子材料
2025-04-10 23:19:09,232 - INFO - 删除空目录: H:/工作/组织部\学院组织架构文件夹\入党材料\2024级\24土木4班入党申请材料\24土木4班发展对象材料
2025-04-10 23:19:09,238 - INFO - 删除空目录: H:/工作/组织部\学院组织架构文件夹\入党材料\2024级\24土木4班入党申请材料\24土木4班积极分子材料
2025-04-10 23:19:09,245 - INFO - 删除空目录: H:/工作/组织部\学院组织架构文件夹\入党材料\2024级\24土木5班入党申请材料\24土木5班发展对象材料
2025-04-10 23:19:09,251 - INFO - 删除空目录: H:/工作/组织部\学院组织架构文件夹\入党材料\2024级\24土木5班入党申请材料\24土木5班积极分子材料
2025-04-10 23:19:09,257 - INFO - 删除空目录: H:/工作/组织部\学院组织架构文件夹\入党材料\2024级\24土木6班入党申请材料\24土木6班发展对象材料
2025-04-10 23:19:09,265 - INFO - 删除空目录: H:/工作/组织部\学院组织架构文件夹\入党材料\2024级\24土木6班入党申请材料\24土木6班积极分子材料
2025-04-10 23:19:09,271 - INFO - 删除空目录: H:/工作/组织部\学院组织架构文件夹\入党材料\2024级\24建筑1班入党申请材料\24建筑1班发展对象材料
2025-04-10 23:19:09,278 - INFO - 删除空目录: H:/工作/组织部\学院组织架构文件夹\入党材料\2024级\24建筑1班入党申请材料\24建筑1班积极分子材料
2025-04-10 23:19:09,284 - INFO - 删除空目录: H:/工作/组织部\学院组织架构文件夹\入党材料\2024级\24建筑2班入党申请材料\24建筑2班发展对象材料
2025-04-10 23:19:09,291 - INFO - 删除空目录: H:/工作/组织部\学院组织架构文件夹\入党材料\2024级\24建筑2班入党申请材料\24建筑2班积极分子材料
2025-04-10 23:19:09,297 - INFO - 删除空目录: H:/工作/组织部\学院组织架构文件夹\入党材料\2024级\24水利1班入党申请材料\24水利1班发展对象材料
2025-04-10 23:19:09,304 - INFO - 删除空目录: H:/工作/组织部\学院组织架构文件夹\入党材料\2024级\24水利1班入党申请材料\24水利1班积极分子材料
2025-04-10 23:19:09,309 - INFO - 删除空目录: H:/工作/组织部\学院组织架构文件夹\入党材料\2024级\24水利2班入党申请材料\24水利2班发展对象材料
2025-04-10 23:19:09,316 - INFO - 删除空目录: H:/工作/组织部\学院组织架构文件夹\入党材料\2024级\24水利2班入党申请材料\24水利2班积极分子材料
2025-04-10 23:19:09,323 - INFO - 删除空目录: H:/工作/组织部\学院组织架构文件夹\入党材料\2024级\24水利3班入党申请材料\24水利3班发展对象材料
2025-04-10 23:19:09,330 - INFO - 删除空目录: H:/工作/组织部\学院组织架构文件夹\入党材料\2024级\24水利3班入党申请材料\24水利3班积极分子材料
2025-04-10 23:19:09,336 - INFO - 删除空目录: H:/工作/组织部\学院组织架构文件夹\入党材料\2024级\24研究生入党申请材料\24研究生发展对象材料
2025-04-10 23:19:09,343 - INFO - 删除空目录: H:/工作/组织部\学院组织架构文件夹\入党材料\2024级\24研究生入党申请材料\24研究生积极分子材料
2025-04-10 23:19:09,349 - INFO - 删除空目录: H:/工作/组织部\学院组织架构文件夹\入党材料\2024级\24土木1班入党申请材料
2025-04-10 23:19:09,355 - INFO - 删除空目录: H:/工作/组织部\学院组织架构文件夹\入党材料\2024级\24土木2班入党申请材料
2025-04-10 23:19:09,360 - INFO - 删除空目录: H:/工作/组织部\学院组织架构文件夹\入党材料\2024级\24土木3班入党申请材料
2025-04-10 23:19:09,366 - INFO - 删除空目录: H:/工作/组织部\学院组织架构文件夹\入党材料\2024级\24土木4班入党申请材料
2025-04-10 23:19:09,371 - INFO - 删除空目录: H:/工作/组织部\学院组织架构文件夹\入党材料\2024级\24土木5班入党申请材料
2025-04-10 23:19:09,377 - INFO - 删除空目录: H:/工作/组织部\学院组织架构文件夹\入党材料\2024级\24土木6班入党申请材料
2025-04-10 23:19:09,383 - INFO - 删除空目录: H:/工作/组织部\学院组织架构文件夹\入党材料\2024级\24建筑1班入党申请材料
2025-04-10 23:19:09,389 - INFO - 删除空目录: H:/工作/组织部\学院组织架构文件夹\入党材料\2024级\24建筑2班入党申请材料
2025-04-10 23:19:09,395 - INFO - 删除空目录: H:/工作/组织部\学院组织架构文件夹\入党材料\2024级\24水利1班入党申请材料
2025-04-10 23:19:09,402 - INFO - 删除空目录: H:/工作/组织部\学院组织架构文件夹\入党材料\2024级\24水利2班入党申请材料
2025-04-10 23:19:09,407 - INFO - 删除空目录: H:/工作/组织部\学院组织架构文件夹\入党材料\2024级\24水利3班入党申请材料
2025-04-10 23:19:09,412 - INFO - 删除空目录: H:/工作/组织部\学院组织架构文件夹\入党材料\2024级\24研究生入党申请材料
2025-04-10 23:19:09,417 - INFO - 删除空目录: H:/工作/组织部\学院组织架构文件夹\入党材料\2020级
2025-04-10 23:19:09,422 - INFO - 删除空目录: H:/工作/组织部\学院组织架构文件夹\入党材料\2021级
2025-04-10 23:19:09,427 - INFO - 删除空目录: H:/工作/组织部\学院组织架构文件夹\入党材料\2022级
2025-04-10 23:19:09,432 - INFO - 删除空目录: H:/工作/组织部\学院组织架构文件夹\入党材料\2023级
2025-04-10 23:19:09,436 - INFO - 删除空目录: H:/工作/组织部\学院组织架构文件夹\入党材料\2024级
2025-04-10 23:19:09,449 - INFO - 删除空目录: H:/工作/组织部\学院组织架构文件夹\2024-2025学年第一学期水利与土木工程学院入党推优材料
2025-04-10 23:19:09,455 - INFO - 删除空目录: H:/工作/组织部\学院组织架构文件夹\2024-2025学年第一学期水利与土木工程学院入团推优材料
2025-04-10 23:19:09,461 - INFO - 删除空目录: H:/工作/组织部\学院组织架构文件夹\入党材料
2025-04-10 23:19:09,635 - INFO - 删除空文件: H:/工作/组织部\第一学期团支书会议\2023下团支书述职大会\第三届团支书述职大会正式文件\合并1.0.pptx
2025-04-10 23:19:09,658 - INFO - 删除空文件: H:/工作/组织部\第一学期团支书会议\2023下团支书述职大会\分工表.docx
2025-04-10 23:19:09,671 - INFO - 删除空目录: H:/工作/组织部\第一学期团支书会议\第三次团支书大会
2025-04-10 23:19:09,676 - INFO - 删除空目录: H:/工作/组织部\第一学期团支书会议\第四次团支书大会
2025-04-10 23:19:09,718 - INFO - 删除完成 - 目录: 444, 文件: 12
2025-04-10 23:19:50,171 - INFO - 程序关闭
2025-04-10 23:24:47,401 - INFO - 程序启动
2025-04-10 23:24:47,402 - INFO - 当前日志保留天数: 7 天
2025-04-10 23:24:47,423 - INFO - 程序启动
2025-04-10 23:24:47,427 - INFO - 当前日志保留天数: 5 天
2025-04-10 23:24:53,140 - INFO - 程序关闭
